Using pre-set license
Built from '2020.2/release' branch; Version is '2020.2.2f1 (068178b99f32) revision 426360'; Using compiler version '192528614'; Build Type 'Release'
OS: 'Windows 10 Home; OS build 19043.1110; Version 2009; 64bit' Language: 'en' Physical Memory: 12095 MB
BatchMode: 1, IsHumanControllingUs: 0, StartBugReporterOnCrash: 0, Is64bit: 1, IsPro: 0

 COMMAND LINE ARGUMENTS:
C:\Program Files\Unity\Hub\Editor\2020.2.2f1\Editor\Unity.exe
-adb2
-batchMode
-noUpm
-name
AssetImportWorker0
-projectPath
D:/Github/Side Projects/ConveyorGame/ConveyorGame
-logFile
Logs/AssetImportWorker0.log
-srvPort
62002
Successfully changed project path to: D:/Github/Side Projects/ConveyorGame/ConveyorGame
D:/Github/Side Projects/ConveyorGame/ConveyorGame
Using Asset Import Pipeline V2.
Refreshing native plugins compatible for Editor in 23.34 ms, found 0 plugins.
Preloading 0 native plugins for Editor in 0.00 ms.
Initialize engine version: 2020.2.2f1 (068178b99f32)
[Subsystems] Discovering subsystems at path C:/Program Files/Unity/Hub/Editor/2020.2.2f1/Editor/Data/Resources/UnitySubsystems
[Subsystems] Discovering subsystems at path D:/Github/Side Projects/ConveyorGame/ConveyorGame/Assets
GfxDevice: creating device client; threaded=0
Direct3D:
    Version:  Direct3D 11.0 [level 11.1]
    Renderer: NVIDIA GeForce GTX 1050 Ti (ID=0x1c8c)
    Vendor:   
    VRAM:     4019 MB
    Driver:   27.21.14.6627
Initialize mono
Mono path[0] = 'C:/Program Files/Unity/Hub/Editor/2020.2.2f1/Editor/Data/Managed'
Mono path[1] = 'C:/Program Files/Unity/Hub/Editor/2020.2.2f1/Editor/Data/MonoBleedingEdge/lib/mono/unityjit'
Mono config path = 'C:/Program Files/Unity/Hub/Editor/2020.2.2f1/Editor/Data/MonoBleedingEdge/etc'
Using monoOptions --debugger-agent=transport=dt_socket,embedding=1,server=y,suspend=n,address=127.0.0.1:56976
Begin MonoManager ReloadAssembly
Registering precompiled unity dll's ...
Register platform support module: C:/Program Files/Unity/Hub/Editor/2020.2.2f1/Editor/Data/PlaybackEngines/WebGLSupport/UnityEditor.WebGL.Extensions.dll
Register platform support module: C:/Program Files/Unity/Hub/Editor/2020.2.2f1/Editor/Data/PlaybackEngines/WindowsStandaloneSupport/UnityEditor.WindowsStandalone.Extensions.dll
Registered in 0.002254 seconds.
Native extension for WindowsStandalone target not found
Native extension for WebGL target not found
Refreshing native plugins compatible for Editor in 26.53 ms, found 0 plugins.
Preloading 0 native plugins for Editor in 0.00 ms.
Invoked RoslynAnalysisRunner static constructor.
RoslynAnalysisRunner will not be running.
RoslynAnalysisRunner has terminated.
Mono: successfully reloaded assembly
- Completed reload, in  2.475 seconds
Platform modules already initialized, skipping
Registering precompiled user dll's ...
Registered in 0.000666 seconds.
Begin MonoManager ReloadAssembly
Native extension for WindowsStandalone target not found
Native extension for WebGL target not found
Refreshing native plugins compatible for Editor in 0.28 ms, found 0 plugins.
Preloading 0 native plugins for Editor in 0.00 ms.
Invoked RoslynAnalysisRunner static constructor.
RoslynAnalysisRunner will not be running.
RoslynAnalysisRunner has terminated.
Mono: successfully reloaded assembly
- Completed reload, in  1.046 seconds
Platform modules already initialized, skipping
========================================================================
Worker process is ready to serve import requests
Launched and connected shader compiler UnityShaderCompiler.exe after 0.05 seconds
Refreshing native plugins compatible for Editor in 0.23 ms, found 0 plugins.
Preloading 0 native plugins for Editor in 0.00 ms.
Unloading 1103 Unused Serialized files (Serialized files now loaded: 0)
System memory in use before: 57.0 MB.
System memory in use after: 57.0 MB.

Unloading 9 unused Assets to reduce memory usage. Loaded Objects now: 1545.
Total: 3.215500 ms (FindLiveObjects: 0.296500 ms CreateObjectMapping: 0.099400 ms MarkObjects: 2.706000 ms  DeleteObjects: 0.112000 ms)

========================================================================
Received Import Request.
  path: Assets/Scripts/ObjectPoolingScript.cs
  artifactKey: Guid(1b45e575639b09044b4ed97bb274f4cc) Importer(815301076,1909f56bfc062723c751e8b465ee728b)
Start importing Assets/Scripts/ObjectPoolingScript.cs using Guid(1b45e575639b09044b4ed97bb274f4cc) Importer(815301076,1909f56bfc062723c751e8b465ee728b)  -> (artifact id: '1a81d5ea0da2086e36f719ea6d6b77ad') in 0.043233 seconds
  Import took 0.045706 seconds .

========================================================================
Received Prepare
Refreshing native plugins compatible for Editor in 0.57 ms, found 0 plugins.
Preloading 0 native plugins for Editor in 0.00 ms.
Unloading 2 Unused Serialized files (Serialized files now loaded: 0)
System memory in use before: 35.2 MB.
System memory in use after: 35.3 MB.

Unloading 2 unused Assets to reduce memory usage. Loaded Objects now: 1545.
Total: 2.040400 ms (FindLiveObjects: 0.161900 ms CreateObjectMapping: 0.034400 ms MarkObjects: 1.822000 ms  DeleteObjects: 0.020500 ms)

========================================================================
Received Import Request.
  Time since last request: 97.236264 seconds.
  path: Assets/Scripts/ObjectPoolingScript.cs
  artifactKey: Guid(1b45e575639b09044b4ed97bb274f4cc) Importer(815301076,1909f56bfc062723c751e8b465ee728b)
Start importing Assets/Scripts/ObjectPoolingScript.cs using Guid(1b45e575639b09044b4ed97bb274f4cc) Importer(815301076,1909f56bfc062723c751e8b465ee728b)  -> (artifact id: '36e77ae2428cf9bb578a4779eecde826') in 0.001731 seconds
  Import took 0.004189 seconds .

========================================================================
Received Import Request.
  Time since last request: 42.512303 seconds.
  path: Assets/Scripts/ObjectPoolingScript.cs
  artifactKey: Guid(1b45e575639b09044b4ed97bb274f4cc) Importer(815301076,1909f56bfc062723c751e8b465ee728b)
Start importing Assets/Scripts/ObjectPoolingScript.cs using Guid(1b45e575639b09044b4ed97bb274f4cc) Importer(815301076,1909f56bfc062723c751e8b465ee728b)  -> (artifact id: '0f060a0cd7e7e270790d6953ef683afa') in 0.001452 seconds
  Import took 0.003763 seconds .

========================================================================
Received Import Request.
  Time since last request: 24.814194 seconds.
  path: Assets/Scripts/ObjectPoolingScript.cs
  artifactKey: Guid(1b45e575639b09044b4ed97bb274f4cc) Importer(815301076,1909f56bfc062723c751e8b465ee728b)
Start importing Assets/Scripts/ObjectPoolingScript.cs using Guid(1b45e575639b09044b4ed97bb274f4cc) Importer(815301076,1909f56bfc062723c751e8b465ee728b)  -> (artifact id: 'e521443e19bc70a759b72386748aa9ed') in 0.001938 seconds
  Import took 0.004226 seconds .

========================================================================
Received Import Request.
  Time since last request: 3.424362 seconds.
  path: Assets/Scripts/ObjectPoolingScript.cs
  artifactKey: Guid(1b45e575639b09044b4ed97bb274f4cc) Importer(815301076,1909f56bfc062723c751e8b465ee728b)
Start importing Assets/Scripts/ObjectPoolingScript.cs using Guid(1b45e575639b09044b4ed97bb274f4cc) Importer(815301076,1909f56bfc062723c751e8b465ee728b)  -> (artifact id: '35d16e04cdc9633aa07d7de41d10223f') in 0.001803 seconds
  Import took 0.004278 seconds .

========================================================================
Received Import Request.
  Time since last request: 51.298383 seconds.
  path: Assets/Scripts/ObjectPoolingScript.cs
  artifactKey: Guid(1b45e575639b09044b4ed97bb274f4cc) Importer(815301076,1909f56bfc062723c751e8b465ee728b)
Start importing Assets/Scripts/ObjectPoolingScript.cs using Guid(1b45e575639b09044b4ed97bb274f4cc) Importer(815301076,1909f56bfc062723c751e8b465ee728b)  -> (artifact id: '5cbf8345b8c97904c8f6d560f407283e') in 0.001740 seconds
  Import took 0.016897 seconds .

========================================================================
Received Import Request.
  Time since last request: 2.649308 seconds.
  path: Assets/Scripts/ObjectPoolingScript.cs
  artifactKey: Guid(1b45e575639b09044b4ed97bb274f4cc) Importer(815301076,1909f56bfc062723c751e8b465ee728b)
Start importing Assets/Scripts/ObjectPoolingScript.cs using Guid(1b45e575639b09044b4ed97bb274f4cc) Importer(815301076,1909f56bfc062723c751e8b465ee728b)  -> (artifact id: '754b50c2eb14aa578fe61e1b99c3a8fd') in 0.001984 seconds
  Import took 0.004305 seconds .

========================================================================
Received Import Request.
  Time since last request: 38.890943 seconds.
  path: Assets/Scripts/ObjectPoolingScript.cs
  artifactKey: Guid(1b45e575639b09044b4ed97bb274f4cc) Importer(815301076,1909f56bfc062723c751e8b465ee728b)
Start importing Assets/Scripts/ObjectPoolingScript.cs using Guid(1b45e575639b09044b4ed97bb274f4cc) Importer(815301076,1909f56bfc062723c751e8b465ee728b)  -> (artifact id: '48d475f645231e2b85a2461a773ab837') in 0.001352 seconds
  Import took 0.003381 seconds .

========================================================================
Received Import Request.
  Time since last request: 50.138708 seconds.
  path: Assets/Scripts/ObjectPoolingScript.cs
  artifactKey: Guid(1b45e575639b09044b4ed97bb274f4cc) Importer(815301076,1909f56bfc062723c751e8b465ee728b)
Start importing Assets/Scripts/ObjectPoolingScript.cs using Guid(1b45e575639b09044b4ed97bb274f4cc) Importer(815301076,1909f56bfc062723c751e8b465ee728b)  -> (artifact id: '73a9c651479a2b31dddaf79353401faa') in 0.001768 seconds
  Import took 0.003852 seconds .

========================================================================
Received Import Request.
  Time since last request: 3.211646 seconds.
  path: Assets/Scripts/ObjectPoolingScript.cs
  artifactKey: Guid(1b45e575639b09044b4ed97bb274f4cc) Importer(815301076,1909f56bfc062723c751e8b465ee728b)
Start importing Assets/Scripts/ObjectPoolingScript.cs using Guid(1b45e575639b09044b4ed97bb274f4cc) Importer(815301076,1909f56bfc062723c751e8b465ee728b)  -> (artifact id: '8005e6b9d2dc77f0bd464b78bcd3fc09') in 0.001690 seconds
  Import took 0.004286 seconds .

========================================================================
Received Import Request.
  Time since last request: 23.173123 seconds.
  path: Assets/Scripts/ObjectPoolingScript.cs
  artifactKey: Guid(1b45e575639b09044b4ed97bb274f4cc) Importer(815301076,1909f56bfc062723c751e8b465ee728b)
Start importing Assets/Scripts/ObjectPoolingScript.cs using Guid(1b45e575639b09044b4ed97bb274f4cc) Importer(815301076,1909f56bfc062723c751e8b465ee728b)  -> (artifact id: '0bae55a1ade2f366f769bd065a9dc0b0') in 0.001587 seconds
  Import took 0.003692 seconds .

========================================================================
Received Import Request.
  Time since last request: 6.092132 seconds.
  path: Assets/Scripts/ObjectPoolingScript.cs
  artifactKey: Guid(1b45e575639b09044b4ed97bb274f4cc) Importer(815301076,1909f56bfc062723c751e8b465ee728b)
Start importing Assets/Scripts/ObjectPoolingScript.cs using Guid(1b45e575639b09044b4ed97bb274f4cc) Importer(815301076,1909f56bfc062723c751e8b465ee728b)  -> (artifact id: '8df0a86f08066e270b8635a1eac7aebd') in 0.002204 seconds
  Import took 0.004278 seconds .

========================================================================
Received Import Request.
  Time since last request: 26.309576 seconds.
  path: Assets/Scripts/ObjectPoolingScript.cs
  artifactKey: Guid(1b45e575639b09044b4ed97bb274f4cc) Importer(815301076,1909f56bfc062723c751e8b465ee728b)
Start importing Assets/Scripts/ObjectPoolingScript.cs using Guid(1b45e575639b09044b4ed97bb274f4cc) Importer(815301076,1909f56bfc062723c751e8b465ee728b)  -> (artifact id: 'e7fa444fa5176f923a8d18f26edadfaa') in 0.001982 seconds
  Import took 0.004197 seconds .

========================================================================
Received Import Request.
  Time since last request: 119.727850 seconds.
  path: Assets/Scripts/ObjectPoolingScript.cs
  artifactKey: Guid(1b45e575639b09044b4ed97bb274f4cc) Importer(815301076,1909f56bfc062723c751e8b465ee728b)
Start importing Assets/Scripts/ObjectPoolingScript.cs using Guid(1b45e575639b09044b4ed97bb274f4cc) Importer(815301076,1909f56bfc062723c751e8b465ee728b)  -> (artifact id: '67f39aa12ad931e4d505e70b48c8cf7f') in 0.003052 seconds
  Import took 0.005694 seconds .

========================================================================
Received Import Request.
  Time since last request: 14.705754 seconds.
  path: Assets/Scripts/ObjectPoolingScript.cs
  artifactKey: Guid(1b45e575639b09044b4ed97bb274f4cc) Importer(815301076,1909f56bfc062723c751e8b465ee728b)
Start importing Assets/Scripts/ObjectPoolingScript.cs using Guid(1b45e575639b09044b4ed97bb274f4cc) Importer(815301076,1909f56bfc062723c751e8b465ee728b)  -> (artifact id: 'd36bea8b0bcf6d40cf530e5535053145') in 0.001480 seconds
  Import took 0.003605 seconds .

========================================================================
Received Import Request.
  Time since last request: 30.603033 seconds.
  path: Assets/Scripts/ObjectPoolingScript.cs
  artifactKey: Guid(1b45e575639b09044b4ed97bb274f4cc) Importer(815301076,1909f56bfc062723c751e8b465ee728b)
Start importing Assets/Scripts/ObjectPoolingScript.cs using Guid(1b45e575639b09044b4ed97bb274f4cc) Importer(815301076,1909f56bfc062723c751e8b465ee728b)  -> (artifact id: '3585563a6aea26e1c24efbd629711732') in 0.002077 seconds
  Import took 0.005190 seconds .

========================================================================
Received Import Request.
  Time since last request: 46.266779 seconds.
  path: Assets/Scripts/ObjectPoolingScript.cs
  artifactKey: Guid(1b45e575639b09044b4ed97bb274f4cc) Importer(815301076,1909f56bfc062723c751e8b465ee728b)
Start importing Assets/Scripts/ObjectPoolingScript.cs using Guid(1b45e575639b09044b4ed97bb274f4cc) Importer(815301076,1909f56bfc062723c751e8b465ee728b)  -> (artifact id: '33cd811cb0d2374b02faff6abd9e3cca') in 0.001529 seconds
  Import took 0.003596 seconds .

========================================================================
Received Import Request.
  Time since last request: 19.918906 seconds.
  path: Assets/Scripts/ObjectPoolingScript.cs
  artifactKey: Guid(1b45e575639b09044b4ed97bb274f4cc) Importer(815301076,1909f56bfc062723c751e8b465ee728b)
Start importing Assets/Scripts/ObjectPoolingScript.cs using Guid(1b45e575639b09044b4ed97bb274f4cc) Importer(815301076,1909f56bfc062723c751e8b465ee728b)  -> (artifact id: '49d1e10c382dd24b5ca7d4162b2f0d0b') in 0.001626 seconds
  Import took 0.003983 seconds .

========================================================================
Received Import Request.
  Time since last request: 19.527871 seconds.
  path: Assets/Scripts/ObjectPoolingScript.cs
  artifactKey: Guid(1b45e575639b09044b4ed97bb274f4cc) Importer(815301076,1909f56bfc062723c751e8b465ee728b)
Start importing Assets/Scripts/ObjectPoolingScript.cs using Guid(1b45e575639b09044b4ed97bb274f4cc) Importer(815301076,1909f56bfc062723c751e8b465ee728b)  -> (artifact id: '370b3ce6a0b729c67f85f6fd7b1228d1') in 0.001754 seconds
  Import took 0.004001 seconds .

========================================================================
Received Import Request.
  Time since last request: 33.238683 seconds.
  path: Assets/Scripts/ObjectPoolingScript.cs
  artifactKey: Guid(1b45e575639b09044b4ed97bb274f4cc) Importer(815301076,1909f56bfc062723c751e8b465ee728b)
Start importing Assets/Scripts/ObjectPoolingScript.cs using Guid(1b45e575639b09044b4ed97bb274f4cc) Importer(815301076,1909f56bfc062723c751e8b465ee728b)  -> (artifact id: '5537ae37084acd375e9d77d14c242e12') in 0.002412 seconds
  Import took 0.004552 seconds .

========================================================================
Received Prepare
Registering precompiled user dll's ...
Registered in 0.000475 seconds.
Begin MonoManager ReloadAssembly
Native extension for WindowsStandalone target not found
Native extension for WebGL target not found
Refreshing native plugins compatible for Editor in 0.19 ms, found 0 plugins.
Preloading 0 native plugins for Editor in 0.00 ms.
Invoked RoslynAnalysisRunner static constructor.
RoslynAnalysisRunner will not be running.
RoslynAnalysisRunner has terminated.
Mono: successfully reloaded assembly
- Completed reload, in  0.753 seconds
Platform modules already initialized, skipping
Refreshing native plugins compatible for Editor in 0.22 ms, found 0 plugins.
Preloading 0 native plugins for Editor in 0.00 ms.
Unloading 1097 Unused Serialized files (Serialized files now loaded: 0)
System memory in use before: 57.3 MB.
System memory in use after: 57.4 MB.

Unloading 4 unused Assets to reduce memory usage. Loaded Objects now: 1547.
Total: 1.384300 ms (FindLiveObjects: 0.131300 ms CreateObjectMapping: 0.031700 ms MarkObjects: 1.204200 ms  DeleteObjects: 0.016200 ms)

========================================================================
Received Prepare
Registering precompiled user dll's ...
Registered in 0.000538 seconds.
Begin MonoManager ReloadAssembly
Native extension for WindowsStandalone target not found
Native extension for WebGL target not found
Refreshing native plugins compatible for Editor in 0.24 ms, found 0 plugins.
Preloading 0 native plugins for Editor in 0.00 ms.
Invoked RoslynAnalysisRunner static constructor.
RoslynAnalysisRunner will not be running.
RoslynAnalysisRunner has terminated.
Mono: successfully reloaded assembly
- Completed reload, in  0.748 seconds
Platform modules already initialized, skipping
Refreshing native plugins compatible for Editor in 0.22 ms, found 0 plugins.
Preloading 0 native plugins for Editor in 0.00 ms.
Unloading 1097 Unused Serialized files (Serialized files now loaded: 0)
System memory in use before: 57.6 MB.
System memory in use after: 57.7 MB.

Unloading 4 unused Assets to reduce memory usage. Loaded Objects now: 1549.
Total: 2.186900 ms (FindLiveObjects: 0.120500 ms CreateObjectMapping: 0.033100 ms MarkObjects: 2.011700 ms  DeleteObjects: 0.020100 ms)

========================================================================
Received Prepare
Registering precompiled user dll's ...
Registered in 0.000596 seconds.
Begin MonoManager ReloadAssembly
Native extension for WindowsStandalone target not found
Native extension for WebGL target not found
Refreshing native plugins compatible for Editor in 0.20 ms, found 0 plugins.
Preloading 0 native plugins for Editor in 0.00 ms.
Invoked RoslynAnalysisRunner static constructor.
RoslynAnalysisRunner will not be running.
RoslynAnalysisRunner has terminated.
Mono: successfully reloaded assembly
- Completed reload, in  0.715 seconds
Platform modules already initialized, skipping
Refreshing native plugins compatible for Editor in 0.22 ms, found 0 plugins.
Preloading 0 native plugins for Editor in 0.00 ms.
Unloading 1097 Unused Serialized files (Serialized files now loaded: 0)
System memory in use before: 57.6 MB.
System memory in use after: 57.7 MB.

Unloading 4 unused Assets to reduce memory usage. Loaded Objects now: 1551.
Total: 1.506000 ms (FindLiveObjects: 0.134600 ms CreateObjectMapping: 0.031400 ms MarkObjects: 1.326300 ms  DeleteObjects: 0.012700 ms)

========================================================================
Received Prepare
Registering precompiled user dll's ...
Registered in 0.000541 seconds.
Begin MonoManager ReloadAssembly
Native extension for WindowsStandalone target not found
Native extension for WebGL target not found
Refreshing native plugins compatible for Editor in 0.20 ms, found 0 plugins.
Preloading 0 native plugins for Editor in 0.00 ms.
Invoked RoslynAnalysisRunner static constructor.
RoslynAnalysisRunner will not be running.
RoslynAnalysisRunner has terminated.
Mono: successfully reloaded assembly
- Completed reload, in  0.705 seconds
Platform modules already initialized, skipping
Refreshing native plugins compatible for Editor in 0.19 ms, found 0 plugins.
Preloading 0 native plugins for Editor in 0.00 ms.
Unloading 1097 Unused Serialized files (Serialized files now loaded: 0)
System memory in use before: 58.1 MB.
System memory in use after: 58.2 MB.

Unloading 4 unused Assets to reduce memory usage. Loaded Objects now: 1553.
Total: 2.254500 ms (FindLiveObjects: 0.148100 ms CreateObjectMapping: 0.045100 ms MarkObjects: 2.038700 ms  DeleteObjects: 0.020900 ms)

========================================================================
Received Prepare
Registering precompiled user dll's ...
Registered in 0.000612 seconds.
Begin MonoManager ReloadAssembly
Native extension for WindowsStandalone target not found
Native extension for WebGL target not found
Refreshing native plugins compatible for Editor in 0.20 ms, found 0 plugins.
Preloading 0 native plugins for Editor in 0.00 ms.
Invoked RoslynAnalysisRunner static constructor.
RoslynAnalysisRunner will not be running.
RoslynAnalysisRunner has terminated.
Mono: successfully reloaded assembly
- Completed reload, in  0.854 seconds
Platform modules already initialized, skipping
Refreshing native plugins compatible for Editor in 0.19 ms, found 0 plugins.
Preloading 0 native plugins for Editor in 0.00 ms.
Unloading 1098 Unused Serialized files (Serialized files now loaded: 0)
System memory in use before: 58.4 MB.
System memory in use after: 58.5 MB.

Unloading 4 unused Assets to reduce memory usage. Loaded Objects now: 1556.
Total: 1.813300 ms (FindLiveObjects: 0.130100 ms CreateObjectMapping: 0.032500 ms MarkObjects: 1.617000 ms  DeleteObjects: 0.032300 ms)

========================================================================
Received Prepare
Registering precompiled user dll's ...
Registered in 0.001031 seconds.
Begin MonoManager ReloadAssembly
Native extension for WindowsStandalone target not found
Native extension for WebGL target not found
Refreshing native plugins compatible for Editor in 0.31 ms, found 0 plugins.
Preloading 0 native plugins for Editor in 0.00 ms.
Invoked RoslynAnalysisRunner static constructor.
RoslynAnalysisRunner will not be running.
RoslynAnalysisRunner has terminated.
Mono: successfully reloaded assembly
- Completed reload, in  0.804 seconds
Platform modules already initialized, skipping
Refreshing native plugins compatible for Editor in 0.21 ms, found 0 plugins.
Preloading 0 native plugins for Editor in 0.00 ms.
Unloading 1098 Unused Serialized files (Serialized files now loaded: 0)
System memory in use before: 58.6 MB.
System memory in use after: 58.7 MB.

Unloading 4 unused Assets to reduce memory usage. Loaded Objects now: 1558.
Total: 2.432200 ms (FindLiveObjects: 0.139600 ms CreateObjectMapping: 0.047500 ms MarkObjects: 2.225400 ms  DeleteObjects: 0.018100 ms)

========================================================================
Received Prepare
Registering precompiled user dll's ...
Registered in 0.000473 seconds.
Begin MonoManager ReloadAssembly
Native extension for WindowsStandalone target not found
Native extension for WebGL target not found
Refreshing native plugins compatible for Editor in 0.19 ms, found 0 plugins.
Preloading 0 native plugins for Editor in 0.00 ms.
Invoked RoslynAnalysisRunner static constructor.
RoslynAnalysisRunner will not be running.
RoslynAnalysisRunner has terminated.
Mono: successfully reloaded assembly
- Completed reload, in  0.696 seconds
Platform modules already initialized, skipping
Refreshing native plugins compatible for Editor in 0.20 ms, found 0 plugins.
Preloading 0 native plugins for Editor in 0.00 ms.
Unloading 1098 Unused Serialized files (Serialized files now loaded: 0)
System memory in use before: 58.7 MB.
System memory in use after: 58.8 MB.

Unloading 4 unused Assets to reduce memory usage. Loaded Objects now: 1560.
Total: 1.507300 ms (FindLiveObjects: 0.115400 ms CreateObjectMapping: 0.029400 ms MarkObjects: 1.350300 ms  DeleteObjects: 0.011200 ms)

========================================================================
Received Import Request.
  Time since last request: 1281.455694 seconds.
  path: Assets/Scripts/ScoreManagerScript.cs
  artifactKey: Guid(8d8840849b16ba643af5accab680acae) Importer(815301076,1909f56bfc062723c751e8b465ee728b)
Start importing Assets/Scripts/ScoreManagerScript.cs using Guid(8d8840849b16ba643af5accab680acae) Importer(815301076,1909f56bfc062723c751e8b465ee728b)  -> (artifact id: 'de2d071a362c1619dca1b58aec615dd6') in 0.006574 seconds
  Import took 0.008288 seconds .

========================================================================
Received Prepare
Registering precompiled user dll's ...
Registered in 0.000466 seconds.
Begin MonoManager ReloadAssembly
Native extension for WindowsStandalone target not found
Native extension for WebGL target not found
Refreshing native plugins compatible for Editor in 0.20 ms, found 0 plugins.
Preloading 0 native plugins for Editor in 0.00 ms.
Invoked RoslynAnalysisRunner static constructor.
RoslynAnalysisRunner will not be running.
RoslynAnalysisRunner has terminated.
Mono: successfully reloaded assembly
- Completed reload, in  0.757 seconds
Platform modules already initialized, skipping
Refreshing native plugins compatible for Editor in 0.22 ms, found 0 plugins.
Preloading 0 native plugins for Editor in 0.00 ms.
Unloading 1099 Unused Serialized files (Serialized files now loaded: 0)
System memory in use before: 58.1 MB.
System memory in use after: 58.2 MB.

Unloading 4 unused Assets to reduce memory usage. Loaded Objects now: 1563.
Total: 1.717400 ms (FindLiveObjects: 0.147200 ms CreateObjectMapping: 0.033400 ms MarkObjects: 1.522100 ms  DeleteObjects: 0.013400 ms)

========================================================================
Received Prepare
Registering precompiled user dll's ...
Registered in 0.000539 seconds.
Begin MonoManager ReloadAssembly
Native extension for WindowsStandalone target not found
Native extension for WebGL target not found
Refreshing native plugins compatible for Editor in 0.21 ms, found 0 plugins.
Preloading 0 native plugins for Editor in 0.00 ms.
Invoked RoslynAnalysisRunner static constructor.
RoslynAnalysisRunner will not be running.
RoslynAnalysisRunner has terminated.
Mono: successfully reloaded assembly
- Completed reload, in  0.732 seconds
Platform modules already initialized, skipping
Refreshing native plugins compatible for Editor in 0.21 ms, found 0 plugins.
Preloading 0 native plugins for Editor in 0.00 ms.
Unloading 1099 Unused Serialized files (Serialized files now loaded: 0)
System memory in use before: 58.4 MB.
System memory in use after: 58.5 MB.

Unloading 4 unused Assets to reduce memory usage. Loaded Objects now: 1565.
Total: 1.657700 ms (FindLiveObjects: 0.110700 ms CreateObjectMapping: 0.027200 ms MarkObjects: 1.502900 ms  DeleteObjects: 0.016200 ms)

========================================================================
Received Prepare
Registering precompiled user dll's ...
Registered in 0.000529 seconds.
Begin MonoManager ReloadAssembly
Native extension for WindowsStandalone target not found
Native extension for WebGL target not found
Refreshing native plugins compatible for Editor in 0.19 ms, found 0 plugins.
Preloading 0 native plugins for Editor in 0.00 ms.
Invoked RoslynAnalysisRunner static constructor.
RoslynAnalysisRunner will not be running.
RoslynAnalysisRunner has terminated.
Mono: successfully reloaded assembly
- Completed reload, in  0.794 seconds
Platform modules already initialized, skipping
Refreshing native plugins compatible for Editor in 0.21 ms, found 0 plugins.
Preloading 0 native plugins for Editor in 0.00 ms.
Unloading 1099 Unused Serialized files (Serialized files now loaded: 0)
System memory in use before: 58.6 MB.
System memory in use after: 58.7 MB.

Unloading 4 unused Assets to reduce memory usage. Loaded Objects now: 1567.
Total: 1.881000 ms (FindLiveObjects: 0.137300 ms CreateObjectMapping: 0.033100 ms MarkObjects: 1.690000 ms  DeleteObjects: 0.018700 ms)

========================================================================
Received Import Request.
  Time since last request: 9470.626717 seconds.
  path: Assets/Scripts/TriggerScript.cs
  artifactKey: Guid(4920f046ac42faf4c9c218d94debf426) Importer(815301076,1909f56bfc062723c751e8b465ee728b)
Start importing Assets/Scripts/TriggerScript.cs using Guid(4920f046ac42faf4c9c218d94debf426) Importer(815301076,1909f56bfc062723c751e8b465ee728b)  -> (artifact id: '4f12fceaf39ffdebc49176c00e0ed394') in 0.011302 seconds
  Import took 0.013543 seconds .

========================================================================
Received Prepare
Registering precompiled user dll's ...
Registered in 0.000491 seconds.
Begin MonoManager ReloadAssembly
Native extension for WindowsStandalone target not found
Native extension for WebGL target not found
Refreshing native plugins compatible for Editor in 0.25 ms, found 0 plugins.
Preloading 0 native plugins for Editor in 0.00 ms.
Invoked RoslynAnalysisRunner static constructor.
RoslynAnalysisRunner will not be running.
RoslynAnalysisRunner has terminated.
Mono: successfully reloaded assembly
- Completed reload, in  0.697 seconds
Platform modules already initialized, skipping
Refreshing native plugins compatible for Editor in 0.19 ms, found 0 plugins.
Preloading 0 native plugins for Editor in 0.00 ms.
Unloading 1099 Unused Serialized files (Serialized files now loaded: 0)
System memory in use before: 58.7 MB.
System memory in use after: 58.8 MB.

Unloading 4 unused Assets to reduce memory usage. Loaded Objects now: 1569.
Total: 1.709300 ms (FindLiveObjects: 0.284200 ms CreateObjectMapping: 0.102400 ms MarkObjects: 1.307600 ms  DeleteObjects: 0.013700 ms)

========================================================================
Received Import Request.
  Time since last request: 341.152212 seconds.
  path: ProjectSettings/TagManager.asset
  artifactKey: Guid(00000000000000003000000000000000) Importer(815301076,1909f56bfc062723c751e8b465ee728b)
Start importing ProjectSettings/TagManager.asset using Guid(00000000000000003000000000000000) Importer(815301076,1909f56bfc062723c751e8b465ee728b)  -> (artifact id: 'de5db7ac1a4e47e72f37c300257a8369') in 0.038543 seconds
  Import took 0.040359 seconds .

========================================================================
Received Import Request.
  Time since last request: 0.001708 seconds.
  path: ProjectSettings/TagManager.asset
  artifactKey: Guid(00000000000000003000000000000000) Importer(815301076,1909f56bfc062723c751e8b465ee728b)
Start importing ProjectSettings/TagManager.asset using Guid(00000000000000003000000000000000) Importer(815301076,1909f56bfc062723c751e8b465ee728b)  -> (artifact id: 'de5db7ac1a4e47e72f37c300257a8369') in 0.002217 seconds
  Import took 0.004356 seconds .

========================================================================
Received Import Request.
  Time since last request: 6.228139 seconds.
  path: ProjectSettings/TagManager.asset
  artifactKey: Guid(00000000000000003000000000000000) Importer(815301076,1909f56bfc062723c751e8b465ee728b)
Start importing ProjectSettings/TagManager.asset using Guid(00000000000000003000000000000000) Importer(815301076,1909f56bfc062723c751e8b465ee728b)  -> (artifact id: '88db40a86d641b1d0660625496a7a494') in 0.002616 seconds
  Import took 0.005114 seconds .

========================================================================
Received Import Request.
  Time since last request: 15.542470 seconds.
  path: Assets/Prefabs/ConveyorItems/Bolt.prefab
  artifactKey: Guid(2b005cc6aba65474ca0083d9e5fed624) Importer(815301076,1909f56bfc062723c751e8b465ee728b)
Start importing Assets/Prefabs/ConveyorItems/Bolt.prefab using Guid(2b005cc6aba65474ca0083d9e5fed624) Importer(815301076,1909f56bfc062723c751e8b465ee728b)  -> (artifact id: '68bdc051549e7e0d4e6186b739520887') in 0.081185 seconds
  Import took 0.083379 seconds .

========================================================================
Received Prepare
Registering precompiled user dll's ...
Registered in 0.000472 seconds.
Begin MonoManager ReloadAssembly
Native extension for WindowsStandalone target not found
Native extension for WebGL target not found
Refreshing native plugins compatible for Editor in 0.19 ms, found 0 plugins.
Preloading 0 native plugins for Editor in 0.00 ms.
Invoked RoslynAnalysisRunner static constructor.
RoslynAnalysisRunner will not be running.
RoslynAnalysisRunner has terminated.
Mono: successfully reloaded assembly
- Completed reload, in  0.742 seconds
Platform modules already initialized, skipping
Refreshing native plugins compatible for Editor in 0.21 ms, found 0 plugins.
Preloading 0 native plugins for Editor in 0.00 ms.
Unloading 1099 Unused Serialized files (Serialized files now loaded: 0)
System memory in use before: 61.2 MB.
System memory in use after: 61.3 MB.

Unloading 7 unused Assets to reduce memory usage. Loaded Objects now: 1578.
Total: 1.735500 ms (FindLiveObjects: 0.199400 ms CreateObjectMapping: 0.070800 ms MarkObjects: 1.446700 ms  DeleteObjects: 0.016900 ms)

========================================================================
Received Prepare
Registering precompiled user dll's ...
Registered in 0.000582 seconds.
Begin MonoManager ReloadAssembly
Native extension for WindowsStandalone target not found
Native extension for WebGL target not found
Refreshing native plugins compatible for Editor in 0.23 ms, found 0 plugins.
Preloading 0 native plugins for Editor in 0.00 ms.
Invoked RoslynAnalysisRunner static constructor.
RoslynAnalysisRunner will not be running.
RoslynAnalysisRunner has terminated.
Mono: successfully reloaded assembly
- Completed reload, in  0.715 seconds
Platform modules already initialized, skipping
Refreshing native plugins compatible for Editor in 0.24 ms, found 0 plugins.
Preloading 0 native plugins for Editor in 0.00 ms.
Unloading 1099 Unused Serialized files (Serialized files now loaded: 0)
System memory in use before: 61.5 MB.
System memory in use after: 61.6 MB.

Unloading 4 unused Assets to reduce memory usage. Loaded Objects now: 1580.
Total: 2.265700 ms (FindLiveObjects: 0.237500 ms CreateObjectMapping: 0.058700 ms MarkObjects: 1.943600 ms  DeleteObjects: 0.024200 ms)

========================================================================
Received Prepare
Registering precompiled user dll's ...
Registered in 0.000476 seconds.
Begin MonoManager ReloadAssembly
Native extension for WindowsStandalone target not found
Native extension for WebGL target not found
Refreshing native plugins compatible for Editor in 0.22 ms, found 0 plugins.
Preloading 0 native plugins for Editor in 0.00 ms.
Invoked RoslynAnalysisRunner static constructor.
RoslynAnalysisRunner will not be running.
RoslynAnalysisRunner has terminated.
Mono: successfully reloaded assembly
- Completed reload, in  0.749 seconds
Platform modules already initialized, skipping
Refreshing native plugins compatible for Editor in 0.19 ms, found 0 plugins.
Preloading 0 native plugins for Editor in 0.00 ms.
Unloading 1099 Unused Serialized files (Serialized files now loaded: 0)
System memory in use before: 61.7 MB.
System memory in use after: 61.8 MB.

Unloading 4 unused Assets to reduce memory usage. Loaded Objects now: 1582.
Total: 1.778600 ms (FindLiveObjects: 0.152400 ms CreateObjectMapping: 0.032200 ms MarkObjects: 1.579600 ms  DeleteObjects: 0.013200 ms)

========================================================================
Received Import Request.
  Time since last request: 354.476031 seconds.
  path: Assets/Prefabs/ConveyorItems/Nut.prefab
  artifactKey: Guid(3ae10fa3049cd2845a1d6d6002a4a08d) Importer(815301076,1909f56bfc062723c751e8b465ee728b)
Start importing Assets/Prefabs/ConveyorItems/Nut.prefab using Guid(3ae10fa3049cd2845a1d6d6002a4a08d) Importer(815301076,1909f56bfc062723c751e8b465ee728b)  -> (artifact id: '3d12a7066dafcf6d525cd59661cf1cbf') in 0.052061 seconds
  Import took 0.054046 seconds .

========================================================================
Received Prepare
Registering precompiled user dll's ...
Registered in 0.000516 seconds.
Begin MonoManager ReloadAssembly
Native extension for WindowsStandalone target not found
Native extension for WebGL target not found
Refreshing native plugins compatible for Editor in 0.20 ms, found 0 plugins.
Preloading 0 native plugins for Editor in 0.00 ms.
Invoked RoslynAnalysisRunner static constructor.
RoslynAnalysisRunner will not be running.
RoslynAnalysisRunner has terminated.
Mono: successfully reloaded assembly
- Completed reload, in  0.711 seconds
Platform modules already initialized, skipping
Refreshing native plugins compatible for Editor in 0.21 ms, found 0 plugins.
Preloading 0 native plugins for Editor in 0.00 ms.
Unloading 1099 Unused Serialized files (Serialized files now loaded: 0)
System memory in use before: 61.9 MB.
System memory in use after: 62.0 MB.

Unloading 4 unused Assets to reduce memory usage. Loaded Objects now: 1585.
Total: 1.675700 ms (FindLiveObjects: 0.220800 ms CreateObjectMapping: 0.050300 ms MarkObjects: 1.386900 ms  DeleteObjects: 0.016500 ms)

========================================================================
Received Prepare
Registering precompiled user dll's ...
Registered in 0.000567 seconds.
Begin MonoManager ReloadAssembly
Native extension for WindowsStandalone target not found
Native extension for WebGL target not found
Refreshing native plugins compatible for Editor in 0.20 ms, found 0 plugins.
Preloading 0 native plugins for Editor in 0.00 ms.
Invoked RoslynAnalysisRunner static constructor.
RoslynAnalysisRunner will not be running.
RoslynAnalysisRunner has terminated.
Mono: successfully reloaded assembly
- Completed reload, in  0.699 seconds
Platform modules already initialized, skipping
Refreshing native plugins compatible for Editor in 0.19 ms, found 0 plugins.
Preloading 0 native plugins for Editor in 0.00 ms.
Unloading 1099 Unused Serialized files (Serialized files now loaded: 0)
System memory in use before: 61.2 MB.
System memory in use after: 61.3 MB.

Unloading 4 unused Assets to reduce memory usage. Loaded Objects now: 1587.
Total: 1.939800 ms (FindLiveObjects: 0.193800 ms CreateObjectMapping: 0.041200 ms MarkObjects: 1.687600 ms  DeleteObjects: 0.015100 ms)

========================================================================
Received Prepare
Registering precompiled user dll's ...
Registered in 0.000527 seconds.
Begin MonoManager ReloadAssembly
Native extension for WindowsStandalone target not found
Native extension for WebGL target not found
Refreshing native plugins compatible for Editor in 0.19 ms, found 0 plugins.
Preloading 0 native plugins for Editor in 0.00 ms.
Invoked RoslynAnalysisRunner static constructor.
RoslynAnalysisRunner will not be running.
RoslynAnalysisRunner has terminated.
Mono: successfully reloaded assembly
- Completed reload, in  0.700 seconds
Platform modules already initialized, skipping
Refreshing native plugins compatible for Editor in 0.20 ms, found 0 plugins.
Preloading 0 native plugins for Editor in 0.00 ms.
Unloading 1099 Unused Serialized files (Serialized files now loaded: 0)
System memory in use before: 61.5 MB.
System memory in use after: 61.6 MB.

Unloading 4 unused Assets to reduce memory usage. Loaded Objects now: 1589.
Total: 1.812900 ms (FindLiveObjects: 0.149400 ms CreateObjectMapping: 0.033700 ms MarkObjects: 1.612600 ms  DeleteObjects: 0.015500 ms)

========================================================================
Received Prepare
Registering precompiled user dll's ...
Registered in 0.000467 seconds.
Begin MonoManager ReloadAssembly
Native extension for WindowsStandalone target not found
Native extension for WebGL target not found
Refreshing native plugins compatible for Editor in 0.79 ms, found 0 plugins.
Preloading 0 native plugins for Editor in 0.00 ms.
Invoked RoslynAnalysisRunner static constructor.
RoslynAnalysisRunner will not be running.
RoslynAnalysisRunner has terminated.
Mono: successfully reloaded assembly
- Completed reload, in  0.729 seconds
Platform modules already initialized, skipping
Refreshing native plugins compatible for Editor in 0.19 ms, found 0 plugins.
Preloading 0 native plugins for Editor in 0.00 ms.
Unloading 1099 Unused Serialized files (Serialized files now loaded: 0)
System memory in use before: 61.7 MB.
System memory in use after: 61.8 MB.

Unloading 4 unused Assets to reduce memory usage. Loaded Objects now: 1591.
Total: 1.763000 ms (FindLiveObjects: 0.160500 ms CreateObjectMapping: 0.052700 ms MarkObjects: 1.533700 ms  DeleteObjects: 0.014100 ms)

========================================================================
Received Prepare
Registering precompiled user dll's ...
Registered in 0.000509 seconds.
Begin MonoManager ReloadAssembly
Native extension for WindowsStandalone target not found
Native extension for WebGL target not found
Refreshing native plugins compatible for Editor in 0.18 ms, found 0 plugins.
Preloading 0 native plugins for Editor in 0.00 ms.
Invoked RoslynAnalysisRunner static constructor.
RoslynAnalysisRunner will not be running.
RoslynAnalysisRunner has terminated.
Mono: successfully reloaded assembly
- Completed reload, in  0.694 seconds
Platform modules already initialized, skipping
Refreshing native plugins compatible for Editor in 0.23 ms, found 0 plugins.
Preloading 0 native plugins for Editor in 0.00 ms.
Unloading 1099 Unused Serialized files (Serialized files now loaded: 0)
System memory in use before: 61.9 MB.
System memory in use after: 62.0 MB.

Unloading 4 unused Assets to reduce memory usage. Loaded Objects now: 1593.
Total: 1.865400 ms (FindLiveObjects: 0.178200 ms CreateObjectMapping: 0.036700 ms MarkObjects: 1.636200 ms  DeleteObjects: 0.013100 ms)

========================================================================
Received Prepare
Registering precompiled user dll's ...
Registered in 0.000498 seconds.
Begin MonoManager ReloadAssembly
Native extension for WindowsStandalone target not found
Native extension for WebGL target not found
Refreshing native plugins compatible for Editor in 0.19 ms, found 0 plugins.
Preloading 0 native plugins for Editor in 0.00 ms.
Invoked RoslynAnalysisRunner static constructor.
RoslynAnalysisRunner will not be running.
RoslynAnalysisRunner has terminated.
Mono: successfully reloaded assembly
- Completed reload, in  0.685 seconds
Platform modules already initialized, skipping
Refreshing native plugins compatible for Editor in 0.19 ms, found 0 plugins.
Preloading 0 native plugins for Editor in 0.00 ms.
Unloading 1099 Unused Serialized files (Serialized files now loaded: 0)
System memory in use before: 61.2 MB.
System memory in use after: 61.3 MB.

Unloading 4 unused Assets to reduce memory usage. Loaded Objects now: 1595.
Total: 1.559800 ms (FindLiveObjects: 0.144600 ms CreateObjectMapping: 0.038500 ms MarkObjects: 1.362100 ms  DeleteObjects: 0.013500 ms)

========================================================================
Received Prepare
Registering precompiled user dll's ...
Registered in 0.000560 seconds.
Begin MonoManager ReloadAssembly
Native extension for WindowsStandalone target not found
Native extension for WebGL target not found
Refreshing native plugins compatible for Editor in 0.36 ms, found 0 plugins.
Preloading 0 native plugins for Editor in 0.00 ms.
Invoked RoslynAnalysisRunner static constructor.
RoslynAnalysisRunner will not be running.
RoslynAnalysisRunner has terminated.
Mono: successfully reloaded assembly
- Completed reload, in  0.742 seconds
Platform modules already initialized, skipping
Refreshing native plugins compatible for Editor in 0.20 ms, found 0 plugins.
Preloading 0 native plugins for Editor in 0.00 ms.
Unloading 1099 Unused Serialized files (Serialized files now loaded: 0)
System memory in use before: 61.4 MB.
System memory in use after: 61.5 MB.

Unloading 4 unused Assets to reduce memory usage. Loaded Objects now: 1597.
Total: 1.849800 ms (FindLiveObjects: 0.248200 ms CreateObjectMapping: 0.063600 ms MarkObjects: 1.519000 ms  DeleteObjects: 0.016600 ms)

========================================================================
Received Prepare
Registering precompiled user dll's ...
Registered in 0.000473 seconds.
Begin MonoManager ReloadAssembly
Native extension for WindowsStandalone target not found
Native extension for WebGL target not found
Refreshing native plugins compatible for Editor in 0.19 ms, found 0 plugins.
Preloading 0 native plugins for Editor in 0.00 ms.
Invoked RoslynAnalysisRunner static constructor.
RoslynAnalysisRunner will not be running.
RoslynAnalysisRunner has terminated.
Mono: successfully reloaded assembly
- Completed reload, in  0.708 seconds
Platform modules already initialized, skipping
Refreshing native plugins compatible for Editor in 0.21 ms, found 0 plugins.
Preloading 0 native plugins for Editor in 0.00 ms.
Unloading 1099 Unused Serialized files (Serialized files now loaded: 0)
System memory in use before: 61.7 MB.
System memory in use after: 61.8 MB.

Unloading 4 unused Assets to reduce memory usage. Loaded Objects now: 1599.
Total: 1.669700 ms (FindLiveObjects: 0.144700 ms CreateObjectMapping: 0.036600 ms MarkObjects: 1.470900 ms  DeleteObjects: 0.015400 ms)

========================================================================
Received Prepare
Registering precompiled user dll's ...
Registered in 0.000514 seconds.
Begin MonoManager ReloadAssembly
Native extension for WindowsStandalone target not found
Native extension for WebGL target not found
Refreshing native plugins compatible for Editor in 0.24 ms, found 0 plugins.
Preloading 0 native plugins for Editor in 0.00 ms.
Invoked RoslynAnalysisRunner static constructor.
RoslynAnalysisRunner will not be running.
RoslynAnalysisRunner has terminated.
Mono: successfully reloaded assembly
- Completed reload, in  0.711 seconds
Platform modules already initialized, skipping
Refreshing native plugins compatible for Editor in 0.19 ms, found 0 plugins.
Preloading 0 native plugins for Editor in 0.00 ms.
Unloading 1099 Unused Serialized files (Serialized files now loaded: 0)
System memory in use before: 61.9 MB.
System memory in use after: 62.0 MB.

Unloading 4 unused Assets to reduce memory usage. Loaded Objects now: 1601.
Total: 1.761800 ms (FindLiveObjects: 0.203900 ms CreateObjectMapping: 0.060900 ms MarkObjects: 1.483000 ms  DeleteObjects: 0.012900 ms)

========================================================================
Received Prepare
Registering precompiled user dll's ...
Registered in 0.000492 seconds.
Begin MonoManager ReloadAssembly
Native extension for WindowsStandalone target not found
Native extension for WebGL target not found
Refreshing native plugins compatible for Editor in 0.19 ms, found 0 plugins.
Preloading 0 native plugins for Editor in 0.00 ms.
Invoked RoslynAnalysisRunner static constructor.
RoslynAnalysisRunner will not be running.
RoslynAnalysisRunner has terminated.
Mono: successfully reloaded assembly
- Completed reload, in  0.737 seconds
Platform modules already initialized, skipping
Refreshing native plugins compatible for Editor in 0.19 ms, found 0 plugins.
Preloading 0 native plugins for Editor in 0.00 ms.
Unloading 1099 Unused Serialized files (Serialized files now loaded: 0)
System memory in use before: 61.2 MB.
System memory in use after: 61.3 MB.

Unloading 4 unused Assets to reduce memory usage. Loaded Objects now: 1603.
Total: 1.691800 ms (FindLiveObjects: 0.120200 ms CreateObjectMapping: 0.031400 ms MarkObjects: 1.527000 ms  DeleteObjects: 0.012000 ms)

========================================================================
Received Prepare
Registering precompiled user dll's ...
Registered in 0.000537 seconds.
Begin MonoManager ReloadAssembly
Native extension for WindowsStandalone target not found
Native extension for WebGL target not found
Refreshing native plugins compatible for Editor in 0.24 ms, found 0 plugins.
Preloading 0 native plugins for Editor in 0.00 ms.
Invoked RoslynAnalysisRunner static constructor.
RoslynAnalysisRunner will not be running.
RoslynAnalysisRunner has terminated.
Mono: successfully reloaded assembly
- Completed reload, in  0.726 seconds
Platform modules already initialized, skipping
Refreshing native plugins compatible for Editor in 0.19 ms, found 0 plugins.
Preloading 0 native plugins for Editor in 0.00 ms.
Unloading 1099 Unused Serialized files (Serialized files now loaded: 0)
System memory in use before: 61.4 MB.
System memory in use after: 61.5 MB.

Unloading 4 unused Assets to reduce memory usage. Loaded Objects now: 1605.
Total: 1.608800 ms (FindLiveObjects: 0.138800 ms CreateObjectMapping: 0.039000 ms MarkObjects: 1.417500 ms  DeleteObjects: 0.012700 ms)

========================================================================
Received Prepare
Registering precompiled user dll's ...
Registered in 0.000484 seconds.
Begin MonoManager ReloadAssembly
Native extension for WindowsStandalone target not found
Native extension for WebGL target not found
Refreshing native plugins compatible for Editor in 0.20 ms, found 0 plugins.
Preloading 0 native plugins for Editor in 0.00 ms.
Invoked RoslynAnalysisRunner static constructor.
RoslynAnalysisRunner will not be running.
RoslynAnalysisRunner has terminated.
Mono: successfully reloaded assembly
- Completed reload, in  0.729 seconds
Platform modules already initialized, skipping
Refreshing native plugins compatible for Editor in 0.19 ms, found 0 plugins.
Preloading 0 native plugins for Editor in 0.00 ms.
Unloading 1099 Unused Serialized files (Serialized files now loaded: 0)
System memory in use before: 61.7 MB.
System memory in use after: 61.8 MB.

Unloading 4 unused Assets to reduce memory usage. Loaded Objects now: 1607.
Total: 1.583000 ms (FindLiveObjects: 0.153700 ms CreateObjectMapping: 0.036900 ms MarkObjects: 1.379400 ms  DeleteObjects: 0.011900 ms)

