Using pre-set license
Built from '2020.2/release' branch; Version is '2020.2.2f1 (068178b99f32) revision 426360'; Using compiler version '192528614'; Build Type 'Release'
OS: 'Windows 10 Home; OS build 19043.1110; Version 2009; 64bit' Language: 'en' Physical Memory: 12095 MB
BatchMode: 1, IsHumanControllingUs: 0, StartBugReporterOnCrash: 0, Is64bit: 1, IsPro: 0

 COMMAND LINE ARGUMENTS:
C:\Program Files\Unity\Hub\Editor\2020.2.2f1\Editor\Unity.exe
-adb2
-batchMode
-noUpm
-name
AssetImportWorker0
-projectPath
D:/Github/Side Projects/ConveyorGame/ConveyorGame
-logFile
Logs/AssetImportWorker0.log
-srvPort
56047
Successfully changed project path to: D:/Github/Side Projects/ConveyorGame/ConveyorGame
D:/Github/Side Projects/ConveyorGame/ConveyorGame
Using Asset Import Pipeline V2.
Refreshing native plugins compatible for Editor in 21.22 ms, found 0 plugins.
Preloading 0 native plugins for Editor in 0.00 ms.
Initialize engine version: 2020.2.2f1 (068178b99f32)
[Subsystems] Discovering subsystems at path C:/Program Files/Unity/Hub/Editor/2020.2.2f1/Editor/Data/Resources/UnitySubsystems
[Subsystems] Discovering subsystems at path D:/Github/Side Projects/ConveyorGame/ConveyorGame/Assets
GfxDevice: creating device client; threaded=0
Direct3D:
    Version:  Direct3D 11.0 [level 11.1]
    Renderer: NVIDIA GeForce GTX 1050 Ti (ID=0x1c8c)
    Vendor:   
    VRAM:     4019 MB
    Driver:   27.21.14.6627
Initialize mono
Mono path[0] = 'C:/Program Files/Unity/Hub/Editor/2020.2.2f1/Editor/Data/Managed'
Mono path[1] = 'C:/Program Files/Unity/Hub/Editor/2020.2.2f1/Editor/Data/MonoBleedingEdge/lib/mono/unityjit'
Mono config path = 'C:/Program Files/Unity/Hub/Editor/2020.2.2f1/Editor/Data/MonoBleedingEdge/etc'
Using monoOptions --debugger-agent=transport=dt_socket,embedding=1,server=y,suspend=n,address=127.0.0.1:56588
Begin MonoManager ReloadAssembly
Registering precompiled unity dll's ...
Register platform support module: C:/Program Files/Unity/Hub/Editor/2020.2.2f1/Editor/Data/PlaybackEngines/WebGLSupport/UnityEditor.WebGL.Extensions.dll
Register platform support module: C:/Program Files/Unity/Hub/Editor/2020.2.2f1/Editor/Data/PlaybackEngines/WindowsStandaloneSupport/UnityEditor.WindowsStandalone.Extensions.dll
Registered in 0.002238 seconds.
Native extension for WindowsStandalone target not found
Native extension for WebGL target not found
Refreshing native plugins compatible for Editor in 23.19 ms, found 0 plugins.
Preloading 0 native plugins for Editor in 0.00 ms.
Invoked RoslynAnalysisRunner static constructor.
RoslynAnalysisRunner will not be running.
RoslynAnalysisRunner has terminated.
Mono: successfully reloaded assembly
- Completed reload, in  1.947 seconds
Platform modules already initialized, skipping
Registering precompiled user dll's ...
Registered in 0.000514 seconds.
Begin MonoManager ReloadAssembly
Native extension for WindowsStandalone target not found
Native extension for WebGL target not found
Refreshing native plugins compatible for Editor in 0.37 ms, found 0 plugins.
Preloading 0 native plugins for Editor in 0.00 ms.
Invoked RoslynAnalysisRunner static constructor.
RoslynAnalysisRunner will not be running.
RoslynAnalysisRunner has terminated.
Mono: successfully reloaded assembly
- Completed reload, in  0.795 seconds
Platform modules already initialized, skipping
========================================================================
Worker process is ready to serve import requests
Launched and connected shader compiler UnityShaderCompiler.exe after 0.04 seconds
Refreshing native plugins compatible for Editor in 0.20 ms, found 0 plugins.
Preloading 0 native plugins for Editor in 0.00 ms.
Unloading 1101 Unused Serialized files (Serialized files now loaded: 0)
System memory in use before: 56.8 MB.
System memory in use after: 56.9 MB.

Unloading 9 unused Assets to reduce memory usage. Loaded Objects now: 1543.
Total: 1.690100 ms (FindLiveObjects: 0.137100 ms CreateObjectMapping: 0.039400 ms MarkObjects: 1.451200 ms  DeleteObjects: 0.061200 ms)

========================================================================
Received Import Request.
  path: Assets/Prefabs/ConveyorBelt.prefab
  artifactKey: Guid(71e15786a229e8a419c9d86f5d02270a) Importer(815301076,1909f56bfc062723c751e8b465ee728b)
Start importing Assets/Prefabs/ConveyorBelt.prefab using Guid(71e15786a229e8a419c9d86f5d02270a) Importer(815301076,1909f56bfc062723c751e8b465ee728b)  -> (artifact id: '4b2d9e21aa0db0a50ef3789303fa9c38') in 0.113539 seconds
  Import took 0.159732 seconds .

========================================================================
Received Import Request.
  Time since last request: 8.383373 seconds.
  path: Assets/Prefabs/ConveyorBelt.prefab
  artifactKey: Guid(71e15786a229e8a419c9d86f5d02270a) Importer(815301076,1909f56bfc062723c751e8b465ee728b)
Start importing Assets/Prefabs/ConveyorBelt.prefab using Guid(71e15786a229e8a419c9d86f5d02270a) Importer(815301076,1909f56bfc062723c751e8b465ee728b)  -> (artifact id: '8e41aa5408fde5f206a7af1cde815d11') in 0.016398 seconds
  Import took 0.029485 seconds .

========================================================================
Received Import Request.
  Time since last request: 5.539021 seconds.
  path: Assets/Prefabs/ConveyorBelt.prefab
  artifactKey: Guid(71e15786a229e8a419c9d86f5d02270a) Importer(815301076,1909f56bfc062723c751e8b465ee728b)
Start importing Assets/Prefabs/ConveyorBelt.prefab using Guid(71e15786a229e8a419c9d86f5d02270a) Importer(815301076,1909f56bfc062723c751e8b465ee728b)  -> (artifact id: '3ed8e7ee834275b26bc02ce5cdd22bae') in 0.014782 seconds
  Import took 0.024926 seconds .

========================================================================
Received Import Request.
  Time since last request: 8.251373 seconds.
  path: Assets/Prefabs/ConveyorBelt.prefab
  artifactKey: Guid(71e15786a229e8a419c9d86f5d02270a) Importer(815301076,1909f56bfc062723c751e8b465ee728b)
Start importing Assets/Prefabs/ConveyorBelt.prefab using Guid(71e15786a229e8a419c9d86f5d02270a) Importer(815301076,1909f56bfc062723c751e8b465ee728b)  -> (artifact id: 'f401658eca1bef04b4836bfe8cb5c3eb') in 0.013700 seconds
  Import took 0.021002 seconds .

========================================================================
Received Import Request.
  Time since last request: 7.444272 seconds.
  path: Assets/Prefabs/ConveyorBelt.prefab
  artifactKey: Guid(71e15786a229e8a419c9d86f5d02270a) Importer(815301076,1909f56bfc062723c751e8b465ee728b)
Start importing Assets/Prefabs/ConveyorBelt.prefab using Guid(71e15786a229e8a419c9d86f5d02270a) Importer(815301076,1909f56bfc062723c751e8b465ee728b)  -> (artifact id: '0f1d2f5f136354e5abdb437b90675024') in 0.010792 seconds
  Import took 0.052565 seconds .

========================================================================
Received Import Request.
  Time since last request: 9.402380 seconds.
  path: Assets/Prefabs/ConveyorBelt.prefab
  artifactKey: Guid(71e15786a229e8a419c9d86f5d02270a) Importer(815301076,1909f56bfc062723c751e8b465ee728b)
Start importing Assets/Prefabs/ConveyorBelt.prefab using Guid(71e15786a229e8a419c9d86f5d02270a) Importer(815301076,1909f56bfc062723c751e8b465ee728b)  -> (artifact id: 'a8230b38366be0c76265ba557f6adcf8') in 0.009202 seconds
  Import took 0.022013 seconds .

========================================================================
Received Import Request.
  Time since last request: 3.618365 seconds.
  path: Assets/Prefabs/ConveyorBelt.prefab
  artifactKey: Guid(71e15786a229e8a419c9d86f5d02270a) Importer(815301076,1909f56bfc062723c751e8b465ee728b)
Start importing Assets/Prefabs/ConveyorBelt.prefab using Guid(71e15786a229e8a419c9d86f5d02270a) Importer(815301076,1909f56bfc062723c751e8b465ee728b)  -> (artifact id: 'ce8e5584624862a9f1c8b2deea4c9566') in 0.007314 seconds
  Import took 0.015065 seconds .

========================================================================
Received Import Request.
  Time since last request: 3.416209 seconds.
  path: Assets/Prefabs/ConveyorBelt.prefab
  artifactKey: Guid(71e15786a229e8a419c9d86f5d02270a) Importer(815301076,1909f56bfc062723c751e8b465ee728b)
Start importing Assets/Prefabs/ConveyorBelt.prefab using Guid(71e15786a229e8a419c9d86f5d02270a) Importer(815301076,1909f56bfc062723c751e8b465ee728b)  -> (artifact id: '4102789ce4617a7f3ac6106adbbf0a63') in 0.009516 seconds
  Import took 0.032521 seconds .

========================================================================
Received Import Request.
  Time since last request: 2.177303 seconds.
  path: Assets/Prefabs/ConveyorBelt.prefab
  artifactKey: Guid(71e15786a229e8a419c9d86f5d02270a) Importer(815301076,1909f56bfc062723c751e8b465ee728b)
Start importing Assets/Prefabs/ConveyorBelt.prefab using Guid(71e15786a229e8a419c9d86f5d02270a) Importer(815301076,1909f56bfc062723c751e8b465ee728b)  -> (artifact id: '557ac4d56605b7419cae7deb0e435e61') in 0.008475 seconds
  Import took 0.030272 seconds .

========================================================================
Received Import Request.
  Time since last request: 4.630301 seconds.
  path: Assets/Prefabs/ConveyorBelt.prefab
  artifactKey: Guid(71e15786a229e8a419c9d86f5d02270a) Importer(815301076,1909f56bfc062723c751e8b465ee728b)
Start importing Assets/Prefabs/ConveyorBelt.prefab using Guid(71e15786a229e8a419c9d86f5d02270a) Importer(815301076,1909f56bfc062723c751e8b465ee728b)  -> (artifact id: 'ec8d1adce846e0d60db994156b5ff247') in 0.007360 seconds
  Import took 0.009413 seconds .

========================================================================
Received Import Request.
  Time since last request: 3.108221 seconds.
  path: Assets/Prefabs/ConveyorBelt.prefab
  artifactKey: Guid(71e15786a229e8a419c9d86f5d02270a) Importer(815301076,1909f56bfc062723c751e8b465ee728b)
Start importing Assets/Prefabs/ConveyorBelt.prefab using Guid(71e15786a229e8a419c9d86f5d02270a) Importer(815301076,1909f56bfc062723c751e8b465ee728b)  -> (artifact id: '654fbb2e4a6023818a030217c88b910d') in 0.007745 seconds
  Import took 0.015952 seconds .

========================================================================
Received Import Request.
  Time since last request: 3.918251 seconds.
  path: Assets/Prefabs/ConveyorBelt.prefab
  artifactKey: Guid(71e15786a229e8a419c9d86f5d02270a) Importer(815301076,1909f56bfc062723c751e8b465ee728b)
Start importing Assets/Prefabs/ConveyorBelt.prefab using Guid(71e15786a229e8a419c9d86f5d02270a) Importer(815301076,1909f56bfc062723c751e8b465ee728b)  -> (artifact id: '9ddfd911bb65aa6bbb90d5a934a7b75d') in 0.008819 seconds
  Import took 0.011091 seconds .

========================================================================
Received Import Request.
  Time since last request: 0.796304 seconds.
  path: Assets/Prefabs/ConveyorBelt.prefab
  artifactKey: Guid(71e15786a229e8a419c9d86f5d02270a) Importer(815301076,1909f56bfc062723c751e8b465ee728b)
Start importing Assets/Prefabs/ConveyorBelt.prefab using Guid(71e15786a229e8a419c9d86f5d02270a) Importer(815301076,1909f56bfc062723c751e8b465ee728b)  -> (artifact id: '78a57cf235a5e315ad3f01953a3222b8') in 0.009359 seconds
  Import took 0.011318 seconds .

========================================================================
Received Import Request.
  Time since last request: 9.831790 seconds.
  path: Assets/Prefabs/ConveyorBelt.prefab
  artifactKey: Guid(71e15786a229e8a419c9d86f5d02270a) Importer(815301076,1909f56bfc062723c751e8b465ee728b)
Start importing Assets/Prefabs/ConveyorBelt.prefab using Guid(71e15786a229e8a419c9d86f5d02270a) Importer(815301076,1909f56bfc062723c751e8b465ee728b)  -> (artifact id: '53e0a43088d9168f007e0f7e323133d4') in 0.008171 seconds
  Import took 0.010129 seconds .

========================================================================
Received Import Request.
  Time since last request: 15.423228 seconds.
  path: Assets/Prefabs/ConveyorBelt.prefab
  artifactKey: Guid(71e15786a229e8a419c9d86f5d02270a) Importer(815301076,1909f56bfc062723c751e8b465ee728b)
Start importing Assets/Prefabs/ConveyorBelt.prefab using Guid(71e15786a229e8a419c9d86f5d02270a) Importer(815301076,1909f56bfc062723c751e8b465ee728b)  -> (artifact id: '4b231033fb665ee2c5b1a18b3463375e') in 0.011732 seconds
  Import took 0.013747 seconds .

========================================================================
Received Import Request.
  Time since last request: 12.462470 seconds.
  path: Assets/Prefabs/ConveyorBelt.prefab
  artifactKey: Guid(71e15786a229e8a419c9d86f5d02270a) Importer(815301076,1909f56bfc062723c751e8b465ee728b)
Start importing Assets/Prefabs/ConveyorBelt.prefab using Guid(71e15786a229e8a419c9d86f5d02270a) Importer(815301076,1909f56bfc062723c751e8b465ee728b)  -> (artifact id: '47aab0ca4849727c46519ea5a5613eee') in 0.012058 seconds
  Import took 0.050910 seconds .

========================================================================
Received Import Request.
  Time since last request: 9.034328 seconds.
  path: Assets/Prefabs/ConveyorBelt.prefab
  artifactKey: Guid(71e15786a229e8a419c9d86f5d02270a) Importer(815301076,1909f56bfc062723c751e8b465ee728b)
Start importing Assets/Prefabs/ConveyorBelt.prefab using Guid(71e15786a229e8a419c9d86f5d02270a) Importer(815301076,1909f56bfc062723c751e8b465ee728b)  -> (artifact id: 'f35e017e95c9d7de44b6c32a946a4b39') in 0.011843 seconds
  Import took 0.014061 seconds .

========================================================================
Received Import Request.
  Time since last request: 17.973432 seconds.
  path: Assets/Prefabs/ConveyorBelt.prefab
  artifactKey: Guid(71e15786a229e8a419c9d86f5d02270a) Importer(815301076,1909f56bfc062723c751e8b465ee728b)
Start importing Assets/Prefabs/ConveyorBelt.prefab using Guid(71e15786a229e8a419c9d86f5d02270a) Importer(815301076,1909f56bfc062723c751e8b465ee728b)  -> (artifact id: 'c2fe193e88497cfbb602b684fb7174bd') in 0.011985 seconds
  Import took 0.032324 seconds .

========================================================================
Received Import Request.
  Time since last request: 10.045971 seconds.
  path: Assets/Prefabs/ConveyorBelt.prefab
  artifactKey: Guid(71e15786a229e8a419c9d86f5d02270a) Importer(815301076,1909f56bfc062723c751e8b465ee728b)
Start importing Assets/Prefabs/ConveyorBelt.prefab using Guid(71e15786a229e8a419c9d86f5d02270a) Importer(815301076,1909f56bfc062723c751e8b465ee728b)  -> (artifact id: 'e06c617b15dd902c27f57a5135c03362') in 0.011031 seconds
  Import took 0.013185 seconds .

========================================================================
Received Import Request.
  Time since last request: 3.600435 seconds.
  path: Assets/Prefabs/ConveyorBelt.prefab
  artifactKey: Guid(71e15786a229e8a419c9d86f5d02270a) Importer(815301076,1909f56bfc062723c751e8b465ee728b)
Start importing Assets/Prefabs/ConveyorBelt.prefab using Guid(71e15786a229e8a419c9d86f5d02270a) Importer(815301076,1909f56bfc062723c751e8b465ee728b)  -> (artifact id: '2ae8e8176480c5ad61954c7e27bf8442') in 0.010529 seconds
  Import took 0.012721 seconds .

========================================================================
Received Import Request.
  Time since last request: 5.654014 seconds.
  path: Assets/Prefabs/ConveyorBelt.prefab
  artifactKey: Guid(71e15786a229e8a419c9d86f5d02270a) Importer(815301076,1909f56bfc062723c751e8b465ee728b)
Start importing Assets/Prefabs/ConveyorBelt.prefab using Guid(71e15786a229e8a419c9d86f5d02270a) Importer(815301076,1909f56bfc062723c751e8b465ee728b)  -> (artifact id: 'e68efd7ae6157907e22c4697e007d26e') in 0.013451 seconds
  Import took 0.057287 seconds .

========================================================================
Received Import Request.
  Time since last request: 3.954564 seconds.
  path: Assets/Prefabs/ConveyorBelt.prefab
  artifactKey: Guid(71e15786a229e8a419c9d86f5d02270a) Importer(815301076,1909f56bfc062723c751e8b465ee728b)
Start importing Assets/Prefabs/ConveyorBelt.prefab using Guid(71e15786a229e8a419c9d86f5d02270a) Importer(815301076,1909f56bfc062723c751e8b465ee728b)  -> (artifact id: '1ce3a08cb44c95fd180d098682666a32') in 0.013476 seconds
  Import took 0.019975 seconds .

========================================================================
Received Import Request.
  Time since last request: 7.467051 seconds.
  path: Assets/Prefabs/ConveyorBelt.prefab
  artifactKey: Guid(71e15786a229e8a419c9d86f5d02270a) Importer(815301076,1909f56bfc062723c751e8b465ee728b)
Start importing Assets/Prefabs/ConveyorBelt.prefab using Guid(71e15786a229e8a419c9d86f5d02270a) Importer(815301076,1909f56bfc062723c751e8b465ee728b)  -> (artifact id: '0452f05fb500ad603938f84dce5c978c') in 0.012780 seconds
  Import took 0.015029 seconds .

========================================================================
Received Import Request.
  Time since last request: 2.557743 seconds.
  path: Assets/Prefabs/ConveyorBelt.prefab
  artifactKey: Guid(71e15786a229e8a419c9d86f5d02270a) Importer(815301076,1909f56bfc062723c751e8b465ee728b)
Start importing Assets/Prefabs/ConveyorBelt.prefab using Guid(71e15786a229e8a419c9d86f5d02270a) Importer(815301076,1909f56bfc062723c751e8b465ee728b)  -> (artifact id: '10456c21330da8723bcacee04fb5a411') in 0.012101 seconds
  Import took 0.014227 seconds .

========================================================================
Received Import Request.
  Time since last request: 9.093377 seconds.
  path: Assets/Prefabs/ConveyorBelt.prefab
  artifactKey: Guid(71e15786a229e8a419c9d86f5d02270a) Importer(815301076,1909f56bfc062723c751e8b465ee728b)
Start importing Assets/Prefabs/ConveyorBelt.prefab using Guid(71e15786a229e8a419c9d86f5d02270a) Importer(815301076,1909f56bfc062723c751e8b465ee728b)  -> (artifact id: 'bf6e45b1582ff321a68ee617f1da2b52') in 0.011446 seconds
  Import took 0.013409 seconds .

========================================================================
Received Import Request.
  Time since last request: 16.945321 seconds.
  path: Assets/Prefabs/ConveyorBelt.prefab
  artifactKey: Guid(71e15786a229e8a419c9d86f5d02270a) Importer(815301076,1909f56bfc062723c751e8b465ee728b)
Start importing Assets/Prefabs/ConveyorBelt.prefab using Guid(71e15786a229e8a419c9d86f5d02270a) Importer(815301076,1909f56bfc062723c751e8b465ee728b)  -> (artifact id: '6c7ea7866cb44510644b7e0feb742586') in 0.017559 seconds
  Import took 0.042061 seconds .

========================================================================
Received Import Request.
  Time since last request: 8.361388 seconds.
  path: Assets/Prefabs/ConveyorBelt.prefab
  artifactKey: Guid(71e15786a229e8a419c9d86f5d02270a) Importer(815301076,1909f56bfc062723c751e8b465ee728b)
Start importing Assets/Prefabs/ConveyorBelt.prefab using Guid(71e15786a229e8a419c9d86f5d02270a) Importer(815301076,1909f56bfc062723c751e8b465ee728b)  -> (artifact id: 'a67a0db4c60ce76eaac2c41249422f36') in 0.008438 seconds
  Import took 0.032824 seconds .

========================================================================
Received Import Request.
  Time since last request: 1.996903 seconds.
  path: Assets/Prefabs/ConveyorBelt.prefab
  artifactKey: Guid(71e15786a229e8a419c9d86f5d02270a) Importer(815301076,1909f56bfc062723c751e8b465ee728b)
Start importing Assets/Prefabs/ConveyorBelt.prefab using Guid(71e15786a229e8a419c9d86f5d02270a) Importer(815301076,1909f56bfc062723c751e8b465ee728b)  -> (artifact id: 'ecea81c4ff4bd5787bd15c2f2d354b0a') in 0.009302 seconds
  Import took 0.011480 seconds .

========================================================================
Received Import Request.
  Time since last request: 8.633491 seconds.
  path: Assets/Prefabs/ConveyorBelt.prefab
  artifactKey: Guid(71e15786a229e8a419c9d86f5d02270a) Importer(815301076,1909f56bfc062723c751e8b465ee728b)
Start importing Assets/Prefabs/ConveyorBelt.prefab using Guid(71e15786a229e8a419c9d86f5d02270a) Importer(815301076,1909f56bfc062723c751e8b465ee728b)  -> (artifact id: '6543774279a36c341d013d3e7877e5c6') in 0.035087 seconds
  Import took 0.037000 seconds .

========================================================================
Received Import Request.
  Time since last request: 71.350642 seconds.
  path: Assets/Scenes/SampleScene.unity
  artifactKey: Guid(9fc0d4010bbf28b4594072e72b8655ab) Importer(815301076,1909f56bfc062723c751e8b465ee728b)
Start importing Assets/Scenes/SampleScene.unity using Guid(9fc0d4010bbf28b4594072e72b8655ab) Importer(815301076,1909f56bfc062723c751e8b465ee728b)  -> (artifact id: 'c41865af2dbe1341929d952cd57b1fd0') in 0.048171 seconds
  Import took 0.049992 seconds .

========================================================================
Received Import Request.
  Time since last request: 1.757331 seconds.
  path: Assets/Scenes/MainScene.unity
  artifactKey: Guid(4ddc45e2c50d8d24ea53ada8c5328955) Importer(815301076,1909f56bfc062723c751e8b465ee728b)
Start importing Assets/Scenes/MainScene.unity using Guid(4ddc45e2c50d8d24ea53ada8c5328955) Importer(815301076,1909f56bfc062723c751e8b465ee728b)  -> (artifact id: 'b59445f2bb9e2354e832f5014d4539e6') in 0.005739 seconds
  Import took 0.050014 seconds .

========================================================================
Received Import Request.
  Time since last request: 66.757020 seconds.
  path: Assets/Scenes/ConveyorTestScene.unity
  artifactKey: Guid(1b3c1dc8021a5844c8c1ddccdcf6f15f) Importer(815301076,1909f56bfc062723c751e8b465ee728b)
Start importing Assets/Scenes/ConveyorTestScene.unity using Guid(1b3c1dc8021a5844c8c1ddccdcf6f15f) Importer(815301076,1909f56bfc062723c751e8b465ee728b)  -> (artifact id: 'e7bc2ec55222562daa703aa5b097daa6') in 0.006471 seconds
  Import took 0.008333 seconds .

========================================================================
Received Import Request.
  Time since last request: 15.287562 seconds.
  path: Assets/Prefabs/TestCube.prefab
  artifactKey: Guid(ce67c4c1b51c32649acee8257bc8d19a) Importer(815301076,1909f56bfc062723c751e8b465ee728b)
Start importing Assets/Prefabs/TestCube.prefab using Guid(ce67c4c1b51c32649acee8257bc8d19a) Importer(815301076,1909f56bfc062723c751e8b465ee728b)  -> (artifact id: '1b4066ae6aaa3f436e6a2e6e4cceae76') in 0.010164 seconds
  Import took 0.012084 seconds .

========================================================================
Received Import Request.
  Time since last request: 0.004344 seconds.
  path: Assets/Prefabs/TestCube.prefab
  artifactKey: Guid(ce67c4c1b51c32649acee8257bc8d19a) Importer(815301076,1909f56bfc062723c751e8b465ee728b)
Start importing Assets/Prefabs/TestCube.prefab using Guid(ce67c4c1b51c32649acee8257bc8d19a) Importer(815301076,1909f56bfc062723c751e8b465ee728b)  -> (artifact id: '1b4066ae6aaa3f436e6a2e6e4cceae76') in 0.006855 seconds
  Import took 0.008885 seconds .

========================================================================
Received Import Request.
  Time since last request: 3.230118 seconds.
  path: Assets/Scenes/MainScene.unity
  artifactKey: Guid(4ddc45e2c50d8d24ea53ada8c5328955) Importer(815301076,1909f56bfc062723c751e8b465ee728b)
Start importing Assets/Scenes/MainScene.unity using Guid(4ddc45e2c50d8d24ea53ada8c5328955) Importer(815301076,1909f56bfc062723c751e8b465ee728b)  -> (artifact id: 'ac591f0de28a0a90f83610344447a077') in 0.001908 seconds
  Import took 0.039553 seconds .

========================================================================
Received Import Request.
  Time since last request: 17.643187 seconds.
  path: Assets/Prefabs/ConveyorItems
  artifactKey: Guid(66c4ec3dca4a1bf46b25a5e6a4d4ba84) Importer(815301076,1909f56bfc062723c751e8b465ee728b)
Start importing Assets/Prefabs/ConveyorItems using Guid(66c4ec3dca4a1bf46b25a5e6a4d4ba84) Importer(815301076,1909f56bfc062723c751e8b465ee728b)  -> (artifact id: 'ce1fd5a2ad337c75933244493e790289') in 0.005497 seconds
  Import took 0.007388 seconds .

========================================================================
Received Prepare
Registering precompiled user dll's ...
Registered in 0.000483 seconds.
Begin MonoManager ReloadAssembly
Native extension for WindowsStandalone target not found
Native extension for WebGL target not found
Refreshing native plugins compatible for Editor in 0.21 ms, found 0 plugins.
Preloading 0 native plugins for Editor in 0.00 ms.
Invoked RoslynAnalysisRunner static constructor.
RoslynAnalysisRunner will not be running.
RoslynAnalysisRunner has terminated.
Mono: successfully reloaded assembly
- Completed reload, in  0.717 seconds
Platform modules already initialized, skipping
Refreshing native plugins compatible for Editor in 0.21 ms, found 0 plugins.
Preloading 0 native plugins for Editor in 0.00 ms.
Unloading 1095 Unused Serialized files (Serialized files now loaded: 0)
System memory in use before: 60.2 MB.
System memory in use after: 60.3 MB.

Unloading 5 unused Assets to reduce memory usage. Loaded Objects now: 1553.
Total: 1.646700 ms (FindLiveObjects: 0.166100 ms CreateObjectMapping: 0.040000 ms MarkObjects: 1.410100 ms  DeleteObjects: 0.028400 ms)

========================================================================
Received Prepare
Registering precompiled user dll's ...
Registered in 0.000572 seconds.
Begin MonoManager ReloadAssembly
Native extension for WindowsStandalone target not found
Native extension for WebGL target not found
Refreshing native plugins compatible for Editor in 0.20 ms, found 0 plugins.
Preloading 0 native plugins for Editor in 0.00 ms.
Invoked RoslynAnalysisRunner static constructor.
RoslynAnalysisRunner will not be running.
RoslynAnalysisRunner has terminated.
Mono: successfully reloaded assembly
- Completed reload, in  0.707 seconds
Platform modules already initialized, skipping
Refreshing native plugins compatible for Editor in 0.29 ms, found 0 plugins.
Preloading 0 native plugins for Editor in 0.00 ms.
Unloading 1095 Unused Serialized files (Serialized files now loaded: 0)
System memory in use before: 60.4 MB.
System memory in use after: 60.5 MB.

Unloading 4 unused Assets to reduce memory usage. Loaded Objects now: 1555.
Total: 1.483200 ms (FindLiveObjects: 0.126600 ms CreateObjectMapping: 0.034000 ms MarkObjects: 1.309800 ms  DeleteObjects: 0.011300 ms)

========================================================================
Received Prepare
Registering precompiled user dll's ...
Registered in 0.000643 seconds.
Begin MonoManager ReloadAssembly
Native extension for WindowsStandalone target not found
Native extension for WebGL target not found
Refreshing native plugins compatible for Editor in 0.19 ms, found 0 plugins.
Preloading 0 native plugins for Editor in 0.00 ms.
Invoked RoslynAnalysisRunner static constructor.
RoslynAnalysisRunner will not be running.
RoslynAnalysisRunner has terminated.
Mono: successfully reloaded assembly
- Completed reload, in  0.715 seconds
Platform modules already initialized, skipping
Refreshing native plugins compatible for Editor in 0.19 ms, found 0 plugins.
Preloading 0 native plugins for Editor in 0.00 ms.
Unloading 1095 Unused Serialized files (Serialized files now loaded: 0)
System memory in use before: 60.6 MB.
System memory in use after: 60.7 MB.

Unloading 4 unused Assets to reduce memory usage. Loaded Objects now: 1557.
Total: 1.926700 ms (FindLiveObjects: 0.207500 ms CreateObjectMapping: 0.071800 ms MarkObjects: 1.631900 ms  DeleteObjects: 0.014500 ms)

========================================================================
Received Import Request.
  Time since last request: 386.182507 seconds.
  path: Assets/Prefabs/ConveyorItems/Nut.prefab
  artifactKey: Guid(3ae10fa3049cd2845a1d6d6002a4a08d) Importer(815301076,1909f56bfc062723c751e8b465ee728b)
Start importing Assets/Prefabs/ConveyorItems/Nut.prefab using Guid(3ae10fa3049cd2845a1d6d6002a4a08d) Importer(815301076,1909f56bfc062723c751e8b465ee728b)  -> (artifact id: 'b7693a29c35659f5219586f06238bc8f') in 0.051314 seconds
  Import took 0.116001 seconds .

========================================================================
Received Import Request.
  Time since last request: 0.358195 seconds.
  path: Assets/Prefabs/ConveyorItems/Bolt.prefab
  artifactKey: Guid(2b005cc6aba65474ca0083d9e5fed624) Importer(815301076,1909f56bfc062723c751e8b465ee728b)
Start importing Assets/Prefabs/ConveyorItems/Bolt.prefab using Guid(2b005cc6aba65474ca0083d9e5fed624) Importer(815301076,1909f56bfc062723c751e8b465ee728b)  -> (artifact id: '540221aa8d654d545904813792b757ad') in 0.010276 seconds
  Import took 0.012216 seconds .

========================================================================
Received Import Request.
  Time since last request: 0.012319 seconds.
  path: Assets/Prefabs/ConveyorItems/Bolt.prefab
  artifactKey: Guid(2b005cc6aba65474ca0083d9e5fed624) Importer(815301076,1909f56bfc062723c751e8b465ee728b)
Start importing Assets/Prefabs/ConveyorItems/Bolt.prefab using Guid(2b005cc6aba65474ca0083d9e5fed624) Importer(815301076,1909f56bfc062723c751e8b465ee728b)  -> (artifact id: '540221aa8d654d545904813792b757ad') in 0.009817 seconds
  Import took 0.011733 seconds .

========================================================================
Received Import Request.
  Time since last request: 14.378103 seconds.
  path: Assets/Prefabs/ConveyorItems/Nut.prefab
  artifactKey: Guid(3ae10fa3049cd2845a1d6d6002a4a08d) Importer(815301076,1909f56bfc062723c751e8b465ee728b)
Start importing Assets/Prefabs/ConveyorItems/Nut.prefab using Guid(3ae10fa3049cd2845a1d6d6002a4a08d) Importer(815301076,1909f56bfc062723c751e8b465ee728b)  -> (artifact id: 'f806293d75b09986f6ca956a54d29346') in 0.006164 seconds
  Import took 0.008280 seconds .

========================================================================
Received Import Request.
  Time since last request: 14.821804 seconds.
  path: Assets/Prefabs/ConveyorItems/Cylinder.018.prefab
  artifactKey: Guid(ec74abde37ae334428a7a4b00913cab6) Importer(815301076,1909f56bfc062723c751e8b465ee728b)
Start importing Assets/Prefabs/ConveyorItems/Cylinder.018.prefab using Guid(ec74abde37ae334428a7a4b00913cab6) Importer(815301076,1909f56bfc062723c751e8b465ee728b)  -> (artifact id: 'f9b5497f77b71c9465a40baa10493af7') in 0.010236 seconds
  Import took 0.012262 seconds .

========================================================================
Received Import Request.
  Time since last request: 2.379876 seconds.
  path: Assets/Prefabs/ConveyorItems/Cylinder.021.prefab
  artifactKey: Guid(7b8c471d8fa57b94cb9f79811d414fe3) Importer(815301076,1909f56bfc062723c751e8b465ee728b)
Start importing Assets/Prefabs/ConveyorItems/Cylinder.021.prefab using Guid(7b8c471d8fa57b94cb9f79811d414fe3) Importer(815301076,1909f56bfc062723c751e8b465ee728b)  -> (artifact id: '47dd6c344292ffc000db271511604896') in 0.011336 seconds
  Import took 0.013194 seconds .

========================================================================
Received Import Request.
  Time since last request: 0.007464 seconds.
  path: Assets/Prefabs/ConveyorItems/Cylinder.021.prefab
  artifactKey: Guid(7b8c471d8fa57b94cb9f79811d414fe3) Importer(815301076,1909f56bfc062723c751e8b465ee728b)
Start importing Assets/Prefabs/ConveyorItems/Cylinder.021.prefab using Guid(7b8c471d8fa57b94cb9f79811d414fe3) Importer(815301076,1909f56bfc062723c751e8b465ee728b)  -> (artifact id: '47dd6c344292ffc000db271511604896') in 0.007075 seconds
  Import took 0.009031 seconds .

========================================================================
Received Import Request.
  Time since last request: 6.965611 seconds.
  path: Assets/Prefabs/ConveyorItems/Nut.prefab
  artifactKey: Guid(3ae10fa3049cd2845a1d6d6002a4a08d) Importer(815301076,1909f56bfc062723c751e8b465ee728b)
Start importing Assets/Prefabs/ConveyorItems/Nut.prefab using Guid(3ae10fa3049cd2845a1d6d6002a4a08d) Importer(815301076,1909f56bfc062723c751e8b465ee728b)  -> (artifact id: 'd2a5120ee5d3fb718106008bea7e4b97') in 0.009075 seconds
  Import took 0.011198 seconds .

========================================================================
Received Import Request.
  Time since last request: 6.788068 seconds.
  path: Assets/Prefabs/ConveyorItems/Nut.prefab
  artifactKey: Guid(3ae10fa3049cd2845a1d6d6002a4a08d) Importer(815301076,1909f56bfc062723c751e8b465ee728b)
Start importing Assets/Prefabs/ConveyorItems/Nut.prefab using Guid(3ae10fa3049cd2845a1d6d6002a4a08d) Importer(815301076,1909f56bfc062723c751e8b465ee728b)  -> (artifact id: '2f3100f6d40dc223fdc89573276e56ce') in 0.016650 seconds
  Import took 0.018851 seconds .

========================================================================
Received Import Request.
  Time since last request: 2.295607 seconds.
  path: Assets/Prefabs/ConveyorItems/Nut.prefab
  artifactKey: Guid(3ae10fa3049cd2845a1d6d6002a4a08d) Importer(815301076,1909f56bfc062723c751e8b465ee728b)
Start importing Assets/Prefabs/ConveyorItems/Nut.prefab using Guid(3ae10fa3049cd2845a1d6d6002a4a08d) Importer(815301076,1909f56bfc062723c751e8b465ee728b)  -> (artifact id: 'b9ae36e0525247f4a1029374013cf513') in 0.006652 seconds
  Import took 0.032267 seconds .

========================================================================
Received Import Request.
  Time since last request: 13.876541 seconds.
  path: Assets/Prefabs/ConveyorItems/Nut.prefab
  artifactKey: Guid(3ae10fa3049cd2845a1d6d6002a4a08d) Importer(815301076,1909f56bfc062723c751e8b465ee728b)
Start importing Assets/Prefabs/ConveyorItems/Nut.prefab using Guid(3ae10fa3049cd2845a1d6d6002a4a08d) Importer(815301076,1909f56bfc062723c751e8b465ee728b)  -> (artifact id: '3175824243bf62fb65044198a5cb81b4') in 0.026782 seconds
  Import took 0.028667 seconds .

========================================================================
Received Import Request.
  Time since last request: 4.220553 seconds.
  path: Assets/Prefabs/ConveyorItems/Nut.prefab
  artifactKey: Guid(3ae10fa3049cd2845a1d6d6002a4a08d) Importer(815301076,1909f56bfc062723c751e8b465ee728b)
Start importing Assets/Prefabs/ConveyorItems/Nut.prefab using Guid(3ae10fa3049cd2845a1d6d6002a4a08d) Importer(815301076,1909f56bfc062723c751e8b465ee728b)  -> (artifact id: 'cee86495ae7abc3e8395d653c33b6f2f') in 0.006233 seconds
  Import took 0.008357 seconds .

========================================================================
Received Import Request.
  Time since last request: 9.521837 seconds.
  path: Assets/Prefabs/ConveyorItems/Nut.prefab
  artifactKey: Guid(3ae10fa3049cd2845a1d6d6002a4a08d) Importer(815301076,1909f56bfc062723c751e8b465ee728b)
Start importing Assets/Prefabs/ConveyorItems/Nut.prefab using Guid(3ae10fa3049cd2845a1d6d6002a4a08d) Importer(815301076,1909f56bfc062723c751e8b465ee728b)  -> (artifact id: '79895789f32b582813cbe2500d3c74bc') in 0.013609 seconds
  Import took 0.015528 seconds .

========================================================================
Received Import Request.
  Time since last request: 7.005549 seconds.
  path: Assets/Prefabs/ConveyorItems/Nut.prefab
  artifactKey: Guid(3ae10fa3049cd2845a1d6d6002a4a08d) Importer(815301076,1909f56bfc062723c751e8b465ee728b)
Start importing Assets/Prefabs/ConveyorItems/Nut.prefab using Guid(3ae10fa3049cd2845a1d6d6002a4a08d) Importer(815301076,1909f56bfc062723c751e8b465ee728b)  -> (artifact id: 'cadd0c5d93f2b36468a5764638ed7987') in 0.007580 seconds
  Import took 0.010015 seconds .

========================================================================
Received Import Request.
  Time since last request: 28.680349 seconds.
  path: Assets/Prefabs/ConveyorItems/Nut.prefab
  artifactKey: Guid(3ae10fa3049cd2845a1d6d6002a4a08d) Importer(815301076,1909f56bfc062723c751e8b465ee728b)
Start importing Assets/Prefabs/ConveyorItems/Nut.prefab using Guid(3ae10fa3049cd2845a1d6d6002a4a08d) Importer(815301076,1909f56bfc062723c751e8b465ee728b)  -> (artifact id: '517946dc0043b9d9c16e563afc38a5c1') in 0.010014 seconds
  Import took 0.013443 seconds .

========================================================================
Received Import Request.
  Time since last request: 19.479820 seconds.
  path: Assets/Prefabs/ConveyorItems/Bolt.prefab
  artifactKey: Guid(2b005cc6aba65474ca0083d9e5fed624) Importer(815301076,1909f56bfc062723c751e8b465ee728b)
Start importing Assets/Prefabs/ConveyorItems/Bolt.prefab using Guid(2b005cc6aba65474ca0083d9e5fed624) Importer(815301076,1909f56bfc062723c751e8b465ee728b)  -> (artifact id: 'd4c9878b60b48a3fb8eb3c4a9a4500e5') in 0.007017 seconds
  Import took 0.008961 seconds .

========================================================================
Received Import Request.
  Time since last request: 4.811087 seconds.
  path: Assets/Prefabs/ConveyorItems/Bolt.prefab
  artifactKey: Guid(2b005cc6aba65474ca0083d9e5fed624) Importer(815301076,1909f56bfc062723c751e8b465ee728b)
Start importing Assets/Prefabs/ConveyorItems/Bolt.prefab using Guid(2b005cc6aba65474ca0083d9e5fed624) Importer(815301076,1909f56bfc062723c751e8b465ee728b)  -> (artifact id: '5bd42683abd7aa43f1c1ef2e7db0aff0') in 0.013664 seconds
  Import took 0.015762 seconds .

========================================================================
Received Import Request.
  Time since last request: 5.108109 seconds.
  path: Assets/Prefabs/ConveyorItems/Bolt.prefab
  artifactKey: Guid(2b005cc6aba65474ca0083d9e5fed624) Importer(815301076,1909f56bfc062723c751e8b465ee728b)
Start importing Assets/Prefabs/ConveyorItems/Bolt.prefab using Guid(2b005cc6aba65474ca0083d9e5fed624) Importer(815301076,1909f56bfc062723c751e8b465ee728b)  -> (artifact id: '36980c0922503d66da8b02b6894e016c') in 0.006330 seconds
  Import took 0.008252 seconds .

========================================================================
Received Import Request.
  Time since last request: 4.938207 seconds.
  path: Assets/Prefabs/ConveyorItems/Bolt.prefab
  artifactKey: Guid(2b005cc6aba65474ca0083d9e5fed624) Importer(815301076,1909f56bfc062723c751e8b465ee728b)
Start importing Assets/Prefabs/ConveyorItems/Bolt.prefab using Guid(2b005cc6aba65474ca0083d9e5fed624) Importer(815301076,1909f56bfc062723c751e8b465ee728b)  -> (artifact id: '0aeba29a255b2015dc6c7bd8fd87b60b') in 0.011860 seconds
  Import took 0.014389 seconds .

========================================================================
Received Import Request.
  Time since last request: 2.302958 seconds.
  path: Assets/Prefabs/ConveyorItems/Bolt.prefab
  artifactKey: Guid(2b005cc6aba65474ca0083d9e5fed624) Importer(815301076,1909f56bfc062723c751e8b465ee728b)
Start importing Assets/Prefabs/ConveyorItems/Bolt.prefab using Guid(2b005cc6aba65474ca0083d9e5fed624) Importer(815301076,1909f56bfc062723c751e8b465ee728b)  -> (artifact id: '607239868548178005aed75a929d6e3e') in 0.010668 seconds
  Import took 0.034665 seconds .

========================================================================
Received Import Request.
  Time since last request: 3.794241 seconds.
  path: Assets/Prefabs/ConveyorItems/Bolt.prefab
  artifactKey: Guid(2b005cc6aba65474ca0083d9e5fed624) Importer(815301076,1909f56bfc062723c751e8b465ee728b)
Start importing Assets/Prefabs/ConveyorItems/Bolt.prefab using Guid(2b005cc6aba65474ca0083d9e5fed624) Importer(815301076,1909f56bfc062723c751e8b465ee728b)  -> (artifact id: '7ddbec49738fb9a6340b8cebd249e8a4') in 0.010113 seconds
  Import took 0.033994 seconds .

========================================================================
Received Import Request.
  Time since last request: 3.413916 seconds.
  path: Assets/Prefabs/ConveyorItems/Bolt.prefab
  artifactKey: Guid(2b005cc6aba65474ca0083d9e5fed624) Importer(815301076,1909f56bfc062723c751e8b465ee728b)
Start importing Assets/Prefabs/ConveyorItems/Bolt.prefab using Guid(2b005cc6aba65474ca0083d9e5fed624) Importer(815301076,1909f56bfc062723c751e8b465ee728b)  -> (artifact id: 'da4535c5f93e3e0c19d7a401231002d3') in 0.006528 seconds
  Import took 0.008442 seconds .

========================================================================
Received Import Request.
  Time since last request: 44.856025 seconds.
  path: Assets/Prefabs/ConveyorItems/Bolt.prefab
  artifactKey: Guid(2b005cc6aba65474ca0083d9e5fed624) Importer(815301076,1909f56bfc062723c751e8b465ee728b)
Start importing Assets/Prefabs/ConveyorItems/Bolt.prefab using Guid(2b005cc6aba65474ca0083d9e5fed624) Importer(815301076,1909f56bfc062723c751e8b465ee728b)  -> (artifact id: 'd04e2514d5f3ced959a19d270777b1e3') in 0.017967 seconds
  Import took 0.019796 seconds .

========================================================================
Received Import Request.
  Time since last request: 2.578082 seconds.
  path: Assets/Prefabs/ConveyorItems/Bolt.prefab
  artifactKey: Guid(2b005cc6aba65474ca0083d9e5fed624) Importer(815301076,1909f56bfc062723c751e8b465ee728b)
Start importing Assets/Prefabs/ConveyorItems/Bolt.prefab using Guid(2b005cc6aba65474ca0083d9e5fed624) Importer(815301076,1909f56bfc062723c751e8b465ee728b)  -> (artifact id: 'b67ac69dff9be45e5592ddd03e4e1d60') in 0.007228 seconds
  Import took 0.009080 seconds .

========================================================================
Received Import Request.
  Time since last request: 4.216914 seconds.
  path: Assets/Prefabs/ConveyorItems/Bolt.prefab
  artifactKey: Guid(2b005cc6aba65474ca0083d9e5fed624) Importer(815301076,1909f56bfc062723c751e8b465ee728b)
Start importing Assets/Prefabs/ConveyorItems/Bolt.prefab using Guid(2b005cc6aba65474ca0083d9e5fed624) Importer(815301076,1909f56bfc062723c751e8b465ee728b)  -> (artifact id: '3791bd84d2727919aaefc8437150bb2c') in 0.027256 seconds
  Import took 0.029200 seconds .

========================================================================
Received Import Request.
  Time since last request: 6.663218 seconds.
  path: Assets/Prefabs/ConveyorItems/Bolt.prefab
  artifactKey: Guid(2b005cc6aba65474ca0083d9e5fed624) Importer(815301076,1909f56bfc062723c751e8b465ee728b)
Start importing Assets/Prefabs/ConveyorItems/Bolt.prefab using Guid(2b005cc6aba65474ca0083d9e5fed624) Importer(815301076,1909f56bfc062723c751e8b465ee728b)  -> (artifact id: '969fa5ca1bad80c2f7eade1717592abd') in 0.018044 seconds
  Import took 0.020229 seconds .

========================================================================
Received Import Request.
  Time since last request: 6.806268 seconds.
  path: Assets/Prefabs/ConveyorItems/Bolt.prefab
  artifactKey: Guid(2b005cc6aba65474ca0083d9e5fed624) Importer(815301076,1909f56bfc062723c751e8b465ee728b)
Start importing Assets/Prefabs/ConveyorItems/Bolt.prefab using Guid(2b005cc6aba65474ca0083d9e5fed624) Importer(815301076,1909f56bfc062723c751e8b465ee728b)  -> (artifact id: '1f3733c547a93b40fb96ce46fa341b15') in 0.006579 seconds
  Import took 0.008550 seconds .

========================================================================
Received Import Request.
  Time since last request: 5.082705 seconds.
  path: Assets/Prefabs/ConveyorItems/Bolt.prefab
  artifactKey: Guid(2b005cc6aba65474ca0083d9e5fed624) Importer(815301076,1909f56bfc062723c751e8b465ee728b)
Start importing Assets/Prefabs/ConveyorItems/Bolt.prefab using Guid(2b005cc6aba65474ca0083d9e5fed624) Importer(815301076,1909f56bfc062723c751e8b465ee728b)  -> (artifact id: 'acbfe0b4c9dfdef14c0998d810d47a43') in 0.009091 seconds
  Import took 0.010948 seconds .

========================================================================
Received Prepare
Registering precompiled user dll's ...
Registered in 0.000522 seconds.
Begin MonoManager ReloadAssembly
Native extension for WindowsStandalone target not found
Native extension for WebGL target not found
Refreshing native plugins compatible for Editor in 0.19 ms, found 0 plugins.
Preloading 0 native plugins for Editor in 0.00 ms.
Invoked RoslynAnalysisRunner static constructor.
RoslynAnalysisRunner will not be running.
RoslynAnalysisRunner has terminated.
Mono: successfully reloaded assembly
- Completed reload, in  0.734 seconds
Platform modules already initialized, skipping
Refreshing native plugins compatible for Editor in 0.20 ms, found 0 plugins.
Preloading 0 native plugins for Editor in 0.00 ms.
Unloading 1095 Unused Serialized files (Serialized files now loaded: 0)
System memory in use before: 60.8 MB.
System memory in use after: 60.9 MB.

Unloading 4 unused Assets to reduce memory usage. Loaded Objects now: 1560.
Total: 1.792600 ms (FindLiveObjects: 0.150800 ms CreateObjectMapping: 0.036700 ms MarkObjects: 1.588800 ms  DeleteObjects: 0.014700 ms)

========================================================================
Received Prepare
Registering precompiled user dll's ...
Registered in 0.000474 seconds.
Begin MonoManager ReloadAssembly
Native extension for WindowsStandalone target not found
Native extension for WebGL target not found
Refreshing native plugins compatible for Editor in 0.21 ms, found 0 plugins.
Preloading 0 native plugins for Editor in 0.00 ms.
Invoked RoslynAnalysisRunner static constructor.
RoslynAnalysisRunner will not be running.
RoslynAnalysisRunner has terminated.
Mono: successfully reloaded assembly
- Completed reload, in  0.756 seconds
Platform modules already initialized, skipping
Refreshing native plugins compatible for Editor in 0.20 ms, found 0 plugins.
Preloading 0 native plugins for Editor in 0.00 ms.
Unloading 1096 Unused Serialized files (Serialized files now loaded: 0)
System memory in use before: 61.1 MB.
System memory in use after: 61.2 MB.

Unloading 4 unused Assets to reduce memory usage. Loaded Objects now: 1563.
Total: 2.217900 ms (FindLiveObjects: 0.316700 ms CreateObjectMapping: 0.107000 ms MarkObjects: 1.773600 ms  DeleteObjects: 0.018200 ms)

========================================================================
Received Import Request.
  Time since last request: 73.977606 seconds.
  path: Assets/Scripts/ItemSpawnerScript.cs
  artifactKey: Guid(c77321dd51c84634bab609eec9ad89ad) Importer(815301076,1909f56bfc062723c751e8b465ee728b)
Start importing Assets/Scripts/ItemSpawnerScript.cs using Guid(c77321dd51c84634bab609eec9ad89ad) Importer(815301076,1909f56bfc062723c751e8b465ee728b)  -> (artifact id: '98edc64b970b00b60f19fc474b4c9d67') in 0.084473 seconds
  Import took 0.098480 seconds .

========================================================================
Received Prepare
Registering precompiled user dll's ...
Registered in 0.000608 seconds.
Begin MonoManager ReloadAssembly
Native extension for WindowsStandalone target not found
Native extension for WebGL target not found
Refreshing native plugins compatible for Editor in 0.19 ms, found 0 plugins.
Preloading 0 native plugins for Editor in 0.00 ms.
Invoked RoslynAnalysisRunner static constructor.
RoslynAnalysisRunner will not be running.
RoslynAnalysisRunner has terminated.
Mono: successfully reloaded assembly
- Completed reload, in  0.717 seconds
Platform modules already initialized, skipping
Refreshing native plugins compatible for Editor in 0.20 ms, found 0 plugins.
Preloading 0 native plugins for Editor in 0.00 ms.
Unloading 1096 Unused Serialized files (Serialized files now loaded: 0)
System memory in use before: 61.3 MB.
System memory in use after: 61.4 MB.

Unloading 4 unused Assets to reduce memory usage. Loaded Objects now: 1565.
Total: 1.549700 ms (FindLiveObjects: 0.150400 ms CreateObjectMapping: 0.037600 ms MarkObjects: 1.348300 ms  DeleteObjects: 0.012600 ms)

========================================================================
Received Import Request.
  Time since last request: 1177.582053 seconds.
  path: Assets/Scripts/ItemSpawnerScript.cs
  artifactKey: Guid(c77321dd51c84634bab609eec9ad89ad) Importer(815301076,1909f56bfc062723c751e8b465ee728b)
Start importing Assets/Scripts/ItemSpawnerScript.cs using Guid(c77321dd51c84634bab609eec9ad89ad) Importer(815301076,1909f56bfc062723c751e8b465ee728b)  -> (artifact id: '929ef4f58083a0bef9b69f3ed89d8483') in 0.003378 seconds
  Import took 0.005174 seconds .

========================================================================
Received Prepare
Registering precompiled user dll's ...
Registered in 0.000503 seconds.
Begin MonoManager ReloadAssembly
Native extension for WindowsStandalone target not found
Native extension for WebGL target not found
Refreshing native plugins compatible for Editor in 0.19 ms, found 0 plugins.
Preloading 0 native plugins for Editor in 0.00 ms.
Invoked RoslynAnalysisRunner static constructor.
RoslynAnalysisRunner will not be running.
RoslynAnalysisRunner has terminated.
Mono: successfully reloaded assembly
- Completed reload, in  0.716 seconds
Platform modules already initialized, skipping
Refreshing native plugins compatible for Editor in 0.20 ms, found 0 plugins.
Preloading 0 native plugins for Editor in 0.00 ms.
Unloading 1096 Unused Serialized files (Serialized files now loaded: 0)
System memory in use before: 61.5 MB.
System memory in use after: 61.6 MB.

Unloading 4 unused Assets to reduce memory usage. Loaded Objects now: 1567.
Total: 1.539600 ms (FindLiveObjects: 0.128300 ms CreateObjectMapping: 0.033200 ms MarkObjects: 1.364100 ms  DeleteObjects: 0.013000 ms)

========================================================================
Received Prepare
Registering precompiled user dll's ...
Registered in 0.000507 seconds.
Begin MonoManager ReloadAssembly
Native extension for WindowsStandalone target not found
Native extension for WebGL target not found
Refreshing native plugins compatible for Editor in 0.21 ms, found 0 plugins.
Preloading 0 native plugins for Editor in 0.00 ms.
Invoked RoslynAnalysisRunner static constructor.
RoslynAnalysisRunner will not be running.
RoslynAnalysisRunner has terminated.
Mono: successfully reloaded assembly
- Completed reload, in  0.697 seconds
Platform modules already initialized, skipping
Refreshing native plugins compatible for Editor in 0.19 ms, found 0 plugins.
Preloading 0 native plugins for Editor in 0.00 ms.
Unloading 1096 Unused Serialized files (Serialized files now loaded: 0)
System memory in use before: 61.8 MB.
System memory in use after: 61.9 MB.

Unloading 4 unused Assets to reduce memory usage. Loaded Objects now: 1569.
Total: 1.709000 ms (FindLiveObjects: 0.170300 ms CreateObjectMapping: 0.049900 ms MarkObjects: 1.470100 ms  DeleteObjects: 0.015500 ms)

========================================================================
Received Prepare
Registering precompiled user dll's ...
Registered in 0.000815 seconds.
Begin MonoManager ReloadAssembly
Native extension for WindowsStandalone target not found
Native extension for WebGL target not found
Refreshing native plugins compatible for Editor in 0.29 ms, found 0 plugins.
Preloading 0 native plugins for Editor in 0.00 ms.
Invoked RoslynAnalysisRunner static constructor.
RoslynAnalysisRunner will not be running.
RoslynAnalysisRunner has terminated.
Mono: successfully reloaded assembly
- Completed reload, in  1.037 seconds
Platform modules already initialized, skipping
Refreshing native plugins compatible for Editor in 0.81 ms, found 0 plugins.
Preloading 0 native plugins for Editor in 0.00 ms.
Unloading 1096 Unused Serialized files (Serialized files now loaded: 0)
System memory in use before: 61.8 MB.
System memory in use after: 61.9 MB.

Unloading 4 unused Assets to reduce memory usage. Loaded Objects now: 1571.
Total: 2.429700 ms (FindLiveObjects: 0.291500 ms CreateObjectMapping: 0.101500 ms MarkObjects: 2.017200 ms  DeleteObjects: 0.017700 ms)

========================================================================
Received Prepare
Registering precompiled user dll's ...
Registered in 0.001234 seconds.
Begin MonoManager ReloadAssembly
Native extension for WindowsStandalone target not found
Native extension for WebGL target not found
Refreshing native plugins compatible for Editor in 0.19 ms, found 0 plugins.
Preloading 0 native plugins for Editor in 0.00 ms.
Invoked RoslynAnalysisRunner static constructor.
RoslynAnalysisRunner will not be running.
RoslynAnalysisRunner has terminated.
Mono: successfully reloaded assembly
- Completed reload, in  0.774 seconds
Platform modules already initialized, skipping
Refreshing native plugins compatible for Editor in 0.20 ms, found 0 plugins.
Preloading 0 native plugins for Editor in 0.00 ms.
Unloading 1096 Unused Serialized files (Serialized files now loaded: 0)
System memory in use before: 61.2 MB.
System memory in use after: 61.3 MB.

Unloading 4 unused Assets to reduce memory usage. Loaded Objects now: 1573.
Total: 1.926900 ms (FindLiveObjects: 0.212200 ms CreateObjectMapping: 0.078500 ms MarkObjects: 1.617800 ms  DeleteObjects: 0.016100 ms)

========================================================================
Received Prepare
Registering precompiled user dll's ...
Registered in 0.001350 seconds.
Begin MonoManager ReloadAssembly
Native extension for WindowsStandalone target not found
Native extension for WebGL target not found
Refreshing native plugins compatible for Editor in 0.25 ms, found 0 plugins.
Preloading 0 native plugins for Editor in 0.00 ms.
Invoked RoslynAnalysisRunner static constructor.
RoslynAnalysisRunner will not be running.
RoslynAnalysisRunner has terminated.
Mono: successfully reloaded assembly
- Completed reload, in  1.002 seconds
Platform modules already initialized, skipping
Refreshing native plugins compatible for Editor in 0.20 ms, found 0 plugins.
Preloading 0 native plugins for Editor in 0.00 ms.
Unloading 1096 Unused Serialized files (Serialized files now loaded: 0)
System memory in use before: 61.4 MB.
System memory in use after: 61.5 MB.

Unloading 4 unused Assets to reduce memory usage. Loaded Objects now: 1575.
Total: 3.689400 ms (FindLiveObjects: 0.458600 ms CreateObjectMapping: 0.122800 ms MarkObjects: 3.072200 ms  DeleteObjects: 0.031600 ms)

========================================================================
Received Prepare
Registering precompiled user dll's ...
Registered in 0.000531 seconds.
Begin MonoManager ReloadAssembly
Native extension for WindowsStandalone target not found
Native extension for WebGL target not found
Refreshing native plugins compatible for Editor in 0.26 ms, found 0 plugins.
Preloading 0 native plugins for Editor in 0.00 ms.
Invoked RoslynAnalysisRunner static constructor.
RoslynAnalysisRunner will not be running.
RoslynAnalysisRunner has terminated.
Mono: successfully reloaded assembly
- Completed reload, in  0.822 seconds
Platform modules already initialized, skipping
Refreshing native plugins compatible for Editor in 0.22 ms, found 0 plugins.
Preloading 0 native plugins for Editor in 0.00 ms.
Unloading 1096 Unused Serialized files (Serialized files now loaded: 0)
System memory in use before: 61.7 MB.
System memory in use after: 61.8 MB.

Unloading 4 unused Assets to reduce memory usage. Loaded Objects now: 1577.
Total: 1.893400 ms (FindLiveObjects: 0.155100 ms CreateObjectMapping: 0.047300 ms MarkObjects: 1.671900 ms  DeleteObjects: 0.017900 ms)

========================================================================
Received Prepare
Registering precompiled user dll's ...
Registered in 0.000705 seconds.
Begin MonoManager ReloadAssembly
Native extension for WindowsStandalone target not found
Native extension for WebGL target not found
Refreshing native plugins compatible for Editor in 0.20 ms, found 0 plugins.
Preloading 0 native plugins for Editor in 0.00 ms.
Invoked RoslynAnalysisRunner static constructor.
RoslynAnalysisRunner will not be running.
RoslynAnalysisRunner has terminated.
Mono: successfully reloaded assembly
- Completed reload, in  0.820 seconds
Platform modules already initialized, skipping
Refreshing native plugins compatible for Editor in 0.24 ms, found 0 plugins.
Preloading 0 native plugins for Editor in 0.00 ms.
Unloading 1096 Unused Serialized files (Serialized files now loaded: 0)
System memory in use before: 61.8 MB.
System memory in use after: 61.9 MB.

Unloading 4 unused Assets to reduce memory usage. Loaded Objects now: 1579.
Total: 2.933400 ms (FindLiveObjects: 0.165500 ms CreateObjectMapping: 0.050100 ms MarkObjects: 2.697200 ms  DeleteObjects: 0.017500 ms)

========================================================================
Received Prepare
Registering precompiled user dll's ...
Registered in 0.000832 seconds.
Begin MonoManager ReloadAssembly
Native extension for WindowsStandalone target not found
Native extension for WebGL target not found
Refreshing native plugins compatible for Editor in 0.24 ms, found 0 plugins.
Preloading 0 native plugins for Editor in 0.00 ms.
Invoked RoslynAnalysisRunner static constructor.
RoslynAnalysisRunner will not be running.
RoslynAnalysisRunner has terminated.
Mono: successfully reloaded assembly
- Completed reload, in  0.831 seconds
Platform modules already initialized, skipping
Refreshing native plugins compatible for Editor in 0.26 ms, found 0 plugins.
Preloading 0 native plugins for Editor in 0.00 ms.
Unloading 1096 Unused Serialized files (Serialized files now loaded: 0)
System memory in use before: 61.1 MB.
System memory in use after: 61.2 MB.

Unloading 4 unused Assets to reduce memory usage. Loaded Objects now: 1581.
Total: 2.601100 ms (FindLiveObjects: 0.346300 ms CreateObjectMapping: 0.081900 ms MarkObjects: 2.120900 ms  DeleteObjects: 0.049400 ms)

========================================================================
Received Import Request.
  Time since last request: 13626.877368 seconds.
  path: Assets/Scenes/ConveyorTestScene.unity
  artifactKey: Guid(1b3c1dc8021a5844c8c1ddccdcf6f15f) Importer(815301076,1909f56bfc062723c751e8b465ee728b)
Start importing Assets/Scenes/ConveyorTestScene.unity using Guid(1b3c1dc8021a5844c8c1ddccdcf6f15f) Importer(815301076,1909f56bfc062723c751e8b465ee728b)  -> (artifact id: '5b0f09b3e1276fe73ca5c0aa37a9aa8d') in 0.017402 seconds
  Import took 0.020559 seconds .

========================================================================
Received Import Request.
  Time since last request: 7.196487 seconds.
  path: Assets/Prefabs/PlayerManager.prefab
  artifactKey: Guid(72fa13cb8047bae4494e632b26e413ff) Importer(815301076,1909f56bfc062723c751e8b465ee728b)
Start importing Assets/Prefabs/PlayerManager.prefab using Guid(72fa13cb8047bae4494e632b26e413ff) Importer(815301076,1909f56bfc062723c751e8b465ee728b)  -> (artifact id: '25405fda69820f1313f4d267d8bf05ed') in 0.025738 seconds
  Import took 0.072920 seconds .

========================================================================
Received Import Request.
  Time since last request: 2.494880 seconds.
  path: Assets/Scenes/MainScene.unity
  artifactKey: Guid(4ddc45e2c50d8d24ea53ada8c5328955) Importer(815301076,1909f56bfc062723c751e8b465ee728b)
Start importing Assets/Scenes/MainScene.unity using Guid(4ddc45e2c50d8d24ea53ada8c5328955) Importer(815301076,1909f56bfc062723c751e8b465ee728b)  -> (artifact id: 'b8d711e9a82464e58434f0c5f596536d') in 0.009127 seconds
  Import took 0.011573 seconds .

========================================================================
Received Import Request.
  Time since last request: 0.000691 seconds.
  path: Assets/Scenes/MainScene.unity
  artifactKey: Guid(4ddc45e2c50d8d24ea53ada8c5328955) Importer(815301076,1909f56bfc062723c751e8b465ee728b)
Start importing Assets/Scenes/MainScene.unity using Guid(4ddc45e2c50d8d24ea53ada8c5328955) Importer(815301076,1909f56bfc062723c751e8b465ee728b)  -> (artifact id: 'b8d711e9a82464e58434f0c5f596536d') in 0.002304 seconds
  Import took 0.006362 seconds .

========================================================================
Received Import Request.
  Time since last request: 4.173381 seconds.
  path: Assets/jackfactorygame.mp3
  artifactKey: Guid(05edf89a0a27b684b8fdd96d36ccb823) Importer(815301076,1909f56bfc062723c751e8b465ee728b)
Start importing Assets/jackfactorygame.mp3 using Guid(05edf89a0a27b684b8fdd96d36ccb823) Importer(815301076,1909f56bfc062723c751e8b465ee728b)  -> (artifact id: 'f05d94a7706a229c4686e61d39078f26') in 0.069105 seconds
  Import took 0.112948 seconds .

========================================================================
Received Prepare
Registering precompiled user dll's ...
Registered in 0.000647 seconds.
Begin MonoManager ReloadAssembly
Native extension for WindowsStandalone target not found
Native extension for WebGL target not found
Refreshing native plugins compatible for Editor in 0.59 ms, found 0 plugins.
Preloading 0 native plugins for Editor in 0.00 ms.
Invoked RoslynAnalysisRunner static constructor.
RoslynAnalysisRunner will not be running.
RoslynAnalysisRunner has terminated.
Mono: successfully reloaded assembly
- Completed reload, in  0.836 seconds
Platform modules already initialized, skipping
Refreshing native plugins compatible for Editor in 0.37 ms, found 0 plugins.
Preloading 0 native plugins for Editor in 0.00 ms.
Unloading 1096 Unused Serialized files (Serialized files now loaded: 0)
System memory in use before: 61.4 MB.
System memory in use after: 61.5 MB.

Unloading 4 unused Assets to reduce memory usage. Loaded Objects now: 1586.
Total: 1.714300 ms (FindLiveObjects: 0.128000 ms CreateObjectMapping: 0.034300 ms MarkObjects: 1.536700 ms  DeleteObjects: 0.014200 ms)

========================================================================
Received Prepare
Registering precompiled user dll's ...
Registered in 0.000612 seconds.
Begin MonoManager ReloadAssembly
Native extension for WindowsStandalone target not found
Native extension for WebGL target not found
Refreshing native plugins compatible for Editor in 0.22 ms, found 0 plugins.
Preloading 0 native plugins for Editor in 0.00 ms.
Invoked RoslynAnalysisRunner static constructor.
RoslynAnalysisRunner will not be running.
RoslynAnalysisRunner has terminated.
Mono: successfully reloaded assembly
- Completed reload, in  0.915 seconds
Platform modules already initialized, skipping
Refreshing native plugins compatible for Editor in 0.31 ms, found 0 plugins.
Preloading 0 native plugins for Editor in 0.00 ms.
Unloading 1096 Unused Serialized files (Serialized files now loaded: 0)
System memory in use before: 61.6 MB.
System memory in use after: 61.7 MB.

Unloading 4 unused Assets to reduce memory usage. Loaded Objects now: 1588.
Total: 2.101400 ms (FindLiveObjects: 0.218500 ms CreateObjectMapping: 0.053600 ms MarkObjects: 1.806000 ms  DeleteObjects: 0.021200 ms)

========================================================================
Received Prepare
Registering precompiled user dll's ...
Registered in 0.000977 seconds.
Begin MonoManager ReloadAssembly
Native extension for WindowsStandalone target not found
Native extension for WebGL target not found
Refreshing native plugins compatible for Editor in 0.46 ms, found 0 plugins.
Preloading 0 native plugins for Editor in 0.00 ms.
Invoked RoslynAnalysisRunner static constructor.
RoslynAnalysisRunner will not be running.
RoslynAnalysisRunner has terminated.
Mono: successfully reloaded assembly
- Completed reload, in  0.862 seconds
Platform modules already initialized, skipping
Refreshing native plugins compatible for Editor in 0.42 ms, found 0 plugins.
Preloading 0 native plugins for Editor in 0.00 ms.
Unloading 1096 Unused Serialized files (Serialized files now loaded: 0)
System memory in use before: 61.8 MB.
System memory in use after: 61.9 MB.

Unloading 4 unused Assets to reduce memory usage. Loaded Objects now: 1590.
Total: 2.008400 ms (FindLiveObjects: 0.170000 ms CreateObjectMapping: 0.043500 ms MarkObjects: 1.775200 ms  DeleteObjects: 0.018500 ms)

========================================================================
Received Import Request.
  Time since last request: 242.267446 seconds.
  path: Assets/Prefabs/ConveyorItems/Bolt.prefab
  artifactKey: Guid(2b005cc6aba65474ca0083d9e5fed624) Importer(815301076,1909f56bfc062723c751e8b465ee728b)
Start importing Assets/Prefabs/ConveyorItems/Bolt.prefab using Guid(2b005cc6aba65474ca0083d9e5fed624) Importer(815301076,1909f56bfc062723c751e8b465ee728b)  -> (artifact id: '457ccae6e55dcb45d724e79a067da237') in 0.063746 seconds
  Import took 0.065870 seconds .

========================================================================
Received Import Request.
  Time since last request: 1.723548 seconds.
  path: Assets/Prefabs/ConveyorItems/Bolt.prefab
  artifactKey: Guid(2b005cc6aba65474ca0083d9e5fed624) Importer(815301076,1909f56bfc062723c751e8b465ee728b)
Start importing Assets/Prefabs/ConveyorItems/Bolt.prefab using Guid(2b005cc6aba65474ca0083d9e5fed624) Importer(815301076,1909f56bfc062723c751e8b465ee728b)  -> (artifact id: 'a35ad69d537fff39fd4277727fc18e76') in 0.016895 seconds
  Import took 0.029950 seconds .

========================================================================
Received Import Request.
  Time since last request: 7.069015 seconds.
  path: Assets/Prefabs/ConveyorItems/Nut.prefab
  artifactKey: Guid(3ae10fa3049cd2845a1d6d6002a4a08d) Importer(815301076,1909f56bfc062723c751e8b465ee728b)
Start importing Assets/Prefabs/ConveyorItems/Nut.prefab using Guid(3ae10fa3049cd2845a1d6d6002a4a08d) Importer(815301076,1909f56bfc062723c751e8b465ee728b)  -> (artifact id: '880bfff990ec123c1c30d1b118a69b58') in 0.017749 seconds
  Import took 0.020170 seconds .

========================================================================
Received Prepare
Registering precompiled user dll's ...
Registered in 0.000719 seconds.
Begin MonoManager ReloadAssembly
Native extension for WindowsStandalone target not found
Native extension for WebGL target not found
Refreshing native plugins compatible for Editor in 0.62 ms, found 0 plugins.
Preloading 0 native plugins for Editor in 0.00 ms.
Invoked RoslynAnalysisRunner static constructor.
RoslynAnalysisRunner will not be running.
RoslynAnalysisRunner has terminated.
Mono: successfully reloaded assembly
- Completed reload, in  0.858 seconds
Platform modules already initialized, skipping
Refreshing native plugins compatible for Editor in 0.25 ms, found 0 plugins.
Preloading 0 native plugins for Editor in 0.00 ms.
Unloading 1096 Unused Serialized files (Serialized files now loaded: 0)
System memory in use before: 62.0 MB.
System memory in use after: 62.1 MB.

Unloading 4 unused Assets to reduce memory usage. Loaded Objects now: 1593.
Total: 3.863300 ms (FindLiveObjects: 0.269700 ms CreateObjectMapping: 0.152600 ms MarkObjects: 3.402800 ms  DeleteObjects: 0.035700 ms)

========================================================================
Received Import Request.
  Time since last request: 68.195479 seconds.
  path: Assets/Prefabs/ConveyorItems/Bolt.prefab
  artifactKey: Guid(2b005cc6aba65474ca0083d9e5fed624) Importer(815301076,1909f56bfc062723c751e8b465ee728b)
Start importing Assets/Prefabs/ConveyorItems/Bolt.prefab using Guid(2b005cc6aba65474ca0083d9e5fed624) Importer(815301076,1909f56bfc062723c751e8b465ee728b)  -> (artifact id: '6f3e73801bd1028631ebdec8f66c07bb') in 0.133870 seconds
  Import took 0.137943 seconds .

========================================================================
Received Import Request.
  Time since last request: 5.837285 seconds.
  path: Assets/Prefabs/ConveyorItems/Bolt.prefab
  artifactKey: Guid(2b005cc6aba65474ca0083d9e5fed624) Importer(815301076,1909f56bfc062723c751e8b465ee728b)
Start importing Assets/Prefabs/ConveyorItems/Bolt.prefab using Guid(2b005cc6aba65474ca0083d9e5fed624) Importer(815301076,1909f56bfc062723c751e8b465ee728b)  -> (artifact id: 'd2925960ea27556be819cb4e83be151a') in 0.015187 seconds
  Import took 0.017275 seconds .

========================================================================
Received Import Request.
  Time since last request: 0.402308 seconds.
  path: Assets/Prefabs/ConveyorItems/Bolt.prefab
  artifactKey: Guid(2b005cc6aba65474ca0083d9e5fed624) Importer(815301076,1909f56bfc062723c751e8b465ee728b)
Start importing Assets/Prefabs/ConveyorItems/Bolt.prefab using Guid(2b005cc6aba65474ca0083d9e5fed624) Importer(815301076,1909f56bfc062723c751e8b465ee728b)  -> (artifact id: '803943a3bfed28b22064030337be9e63') in 0.009481 seconds
  Import took 0.011676 seconds .

========================================================================
Received Import Request.
  Time since last request: 3.620239 seconds.
  path: Assets/Prefabs/ConveyorItems/Nut.prefab
  artifactKey: Guid(3ae10fa3049cd2845a1d6d6002a4a08d) Importer(815301076,1909f56bfc062723c751e8b465ee728b)
Start importing Assets/Prefabs/ConveyorItems/Nut.prefab using Guid(3ae10fa3049cd2845a1d6d6002a4a08d) Importer(815301076,1909f56bfc062723c751e8b465ee728b)  -> (artifact id: '88e2ac006be7113052f2cd8b47bb5922') in 0.012773 seconds
  Import took 0.015374 seconds .

========================================================================
Received Import Request.
  Time since last request: 1.474721 seconds.
  path: Assets/Prefabs/ConveyorItems/Nut.prefab
  artifactKey: Guid(3ae10fa3049cd2845a1d6d6002a4a08d) Importer(815301076,1909f56bfc062723c751e8b465ee728b)
Start importing Assets/Prefabs/ConveyorItems/Nut.prefab using Guid(3ae10fa3049cd2845a1d6d6002a4a08d) Importer(815301076,1909f56bfc062723c751e8b465ee728b)  -> (artifact id: '1819f222739c38ba9d2c352322db0a35') in 0.007897 seconds
  Import took 0.010761 seconds .

========================================================================
Received Prepare
Registering precompiled user dll's ...
Registered in 0.000873 seconds.
Begin MonoManager ReloadAssembly
Native extension for WindowsStandalone target not found
Native extension for WebGL target not found
Refreshing native plugins compatible for Editor in 0.19 ms, found 0 plugins.
Preloading 0 native plugins for Editor in 0.00 ms.
Invoked RoslynAnalysisRunner static constructor.
RoslynAnalysisRunner will not be running.
RoslynAnalysisRunner has terminated.
Mono: successfully reloaded assembly
- Completed reload, in  0.828 seconds
Platform modules already initialized, skipping
Refreshing native plugins compatible for Editor in 0.23 ms, found 0 plugins.
Preloading 0 native plugins for Editor in 0.00 ms.
Unloading 1096 Unused Serialized files (Serialized files now loaded: 0)
System memory in use before: 61.3 MB.
System memory in use after: 61.4 MB.

Unloading 4 unused Assets to reduce memory usage. Loaded Objects now: 1596.
Total: 2.030700 ms (FindLiveObjects: 0.486400 ms CreateObjectMapping: 0.047400 ms MarkObjects: 1.481600 ms  DeleteObjects: 0.012700 ms)

========================================================================
Received Prepare
Registering precompiled user dll's ...
Registered in 0.000674 seconds.
Begin MonoManager ReloadAssembly
Native extension for WindowsStandalone target not found
Native extension for WebGL target not found
Refreshing native plugins compatible for Editor in 0.38 ms, found 0 plugins.
Preloading 0 native plugins for Editor in 0.00 ms.
Invoked RoslynAnalysisRunner static constructor.
RoslynAnalysisRunner will not be running.
RoslynAnalysisRunner has terminated.
Mono: successfully reloaded assembly
- Completed reload, in  1.133 seconds
Platform modules already initialized, skipping
Refreshing native plugins compatible for Editor in 0.27 ms, found 0 plugins.
Preloading 0 native plugins for Editor in 0.00 ms.
Unloading 1096 Unused Serialized files (Serialized files now loaded: 0)
System memory in use before: 61.6 MB.
System memory in use after: 61.7 MB.

Unloading 4 unused Assets to reduce memory usage. Loaded Objects now: 1598.
Total: 3.155800 ms (FindLiveObjects: 0.394100 ms CreateObjectMapping: 0.131900 ms MarkObjects: 2.608400 ms  DeleteObjects: 0.019300 ms)

========================================================================
Received Prepare
Registering precompiled user dll's ...
Registered in 0.000602 seconds.
Begin MonoManager ReloadAssembly
Native extension for WindowsStandalone target not found
Native extension for WebGL target not found
Refreshing native plugins compatible for Editor in 0.23 ms, found 0 plugins.
Preloading 0 native plugins for Editor in 0.00 ms.
Invoked RoslynAnalysisRunner static constructor.
RoslynAnalysisRunner will not be running.
RoslynAnalysisRunner has terminated.
Mono: successfully reloaded assembly
- Completed reload, in  0.866 seconds
Platform modules already initialized, skipping
Refreshing native plugins compatible for Editor in 0.24 ms, found 0 plugins.
Preloading 0 native plugins for Editor in 0.00 ms.
Unloading 1096 Unused Serialized files (Serialized files now loaded: 0)
System memory in use before: 61.8 MB.
System memory in use after: 61.9 MB.

Unloading 4 unused Assets to reduce memory usage. Loaded Objects now: 1600.
Total: 2.228300 ms (FindLiveObjects: 0.176400 ms CreateObjectMapping: 0.043200 ms MarkObjects: 1.991600 ms  DeleteObjects: 0.015700 ms)

========================================================================
Received Prepare
Registering precompiled user dll's ...
Registered in 0.000879 seconds.
Begin MonoManager ReloadAssembly
Native extension for WindowsStandalone target not found
Native extension for WebGL target not found
Refreshing native plugins compatible for Editor in 0.38 ms, found 0 plugins.
Preloading 0 native plugins for Editor in 0.00 ms.
Invoked RoslynAnalysisRunner static constructor.
RoslynAnalysisRunner will not be running.
RoslynAnalysisRunner has terminated.
Mono: successfully reloaded assembly
- Completed reload, in  1.400 seconds
Platform modules already initialized, skipping
Refreshing native plugins compatible for Editor in 0.79 ms, found 0 plugins.
Preloading 0 native plugins for Editor in 0.00 ms.
Unloading 1096 Unused Serialized files (Serialized files now loaded: 0)
System memory in use before: 62.0 MB.
System memory in use after: 62.1 MB.

Unloading 4 unused Assets to reduce memory usage. Loaded Objects now: 1602.
Total: 2.892400 ms (FindLiveObjects: 0.328000 ms CreateObjectMapping: 0.089100 ms MarkObjects: 2.450900 ms  DeleteObjects: 0.022700 ms)

========================================================================
Received Prepare
Registering precompiled user dll's ...
Registered in 0.000664 seconds.
Begin MonoManager ReloadAssembly
Native extension for WindowsStandalone target not found
Native extension for WebGL target not found
Refreshing native plugins compatible for Editor in 0.23 ms, found 0 plugins.
Preloading 0 native plugins for Editor in 0.00 ms.
Invoked RoslynAnalysisRunner static constructor.
RoslynAnalysisRunner will not be running.
RoslynAnalysisRunner has terminated.
Mono: successfully reloaded assembly
- Completed reload, in  0.903 seconds
Platform modules already initialized, skipping
Refreshing native plugins compatible for Editor in 0.54 ms, found 0 plugins.
Preloading 0 native plugins for Editor in 0.00 ms.
Unloading 1096 Unused Serialized files (Serialized files now loaded: 0)
System memory in use before: 61.2 MB.
System memory in use after: 61.3 MB.

Unloading 4 unused Assets to reduce memory usage. Loaded Objects now: 1604.
Total: 1.829600 ms (FindLiveObjects: 0.179100 ms CreateObjectMapping: 0.042300 ms MarkObjects: 1.593400 ms  DeleteObjects: 0.013600 ms)

========================================================================
Received Prepare
Registering precompiled user dll's ...
Registered in 0.000730 seconds.
Begin MonoManager ReloadAssembly
Native extension for WindowsStandalone target not found
Native extension for WebGL target not found
Refreshing native plugins compatible for Editor in 0.19 ms, found 0 plugins.
Preloading 0 native plugins for Editor in 0.00 ms.
Invoked RoslynAnalysisRunner static constructor.
RoslynAnalysisRunner will not be running.
RoslynAnalysisRunner has terminated.
Mono: successfully reloaded assembly
- Completed reload, in  0.798 seconds
Platform modules already initialized, skipping
Refreshing native plugins compatible for Editor in 0.19 ms, found 0 plugins.
Preloading 0 native plugins for Editor in 0.00 ms.
Unloading 1096 Unused Serialized files (Serialized files now loaded: 0)
System memory in use before: 61.5 MB.
System memory in use after: 61.6 MB.

Unloading 4 unused Assets to reduce memory usage. Loaded Objects now: 1606.
Total: 1.923000 ms (FindLiveObjects: 0.176700 ms CreateObjectMapping: 0.037500 ms MarkObjects: 1.691200 ms  DeleteObjects: 0.015600 ms)

AssetImportWorkerClient::OnTransportError - code=2 error=End of file
